{"/home/runner/work/collective-social-web/collective-social-web/src/App.css": {"path":"/home/runner/work/collective-social-web/collective-social-web/src/App.css","statementMap":{},"fnMap":{},"branchMap":{},"s":{},"f":{},"b":{},"meta":{"lastBranch":0,"lastFunction":0,"lastStatement":0,"seen":{}}}
,"/home/runner/work/collective-social-web/collective-social-web/src/App.tsx": {"path":"/home/runner/work/collective-social-web/collective-social-web/src/App.tsx","statementMap":{"0":{"start":{"line":38,"column":44},"end":{"line":38,"column":null}},"1":{"start":{"line":39,"column":22},"end":{"line":39,"column":null}},"2":{"start":{"line":40,"column":17},"end":{"line":40,"column":null}},"3":{"start":{"line":41,"column":27},"end":{"line":41,"column":null}},"4":{"start":{"line":43,"column":2},"end":{"line":70,"column":null}},"5":{"start":{"line":45,"column":4},"end":{"line":69,"column":null}},"6":{"start":{"line":49,"column":8},"end":{"line":51,"column":null}},"7":{"start":{"line":50,"column":10},"end":{"line":50,"column":null}},"8":{"start":{"line":52,"column":8},"end":{"line":52,"column":null}},"9":{"start":{"line":55,"column":8},"end":{"line":55,"column":null}},"10":{"start":{"line":56,"column":8},"end":{"line":56,"column":null}},"11":{"start":{"line":59,"column":33},"end":{"line":59,"column":null}},"12":{"start":{"line":60,"column":8},"end":{"line":64,"column":null}},"13":{"start":{"line":61,"column":10},"end":{"line":61,"column":null}},"14":{"start":{"line":63,"column":10},"end":{"line":63,"column":null}},"15":{"start":{"line":67,"column":8},"end":{"line":67,"column":null}},"16":{"start":{"line":68,"column":8},"end":{"line":68,"column":null}},"17":{"start":{"line":72,"column":2},"end":{"line":192,"column":null}}},"fnMap":{"0":{"name":"App","decl":{"start":{"line":37,"column":9},"end":{"line":37,"column":15}},"loc":{"start":{"line":37,"column":15},"end":{"line":194,"column":null}},"line":37},"1":{"name":"(anonymous_1)","decl":{"start":{"line":43,"column":12},"end":{"line":43,"column":18}},"loc":{"start":{"line":43,"column":18},"end":{"line":70,"column":5}},"line":43},"2":{"name":"(anonymous_2)","decl":{"start":{"line":48,"column":12},"end":{"line":48,"column":13}},"loc":{"start":{"line":48,"column":21},"end":{"line":53,"column":7}},"line":48},"3":{"name":"(anonymous_3)","decl":{"start":{"line":54,"column":12},"end":{"line":54,"column":13}},"loc":{"start":{"line":54,"column":22},"end":{"line":65,"column":7}},"line":54},"4":{"name":"(anonymous_4)","decl":{"start":{"line":66,"column":13},"end":{"line":66,"column":19}},"loc":{"start":{"line":66,"column":19},"end":{"line":69,"column":7}},"line":66}},"branchMap":{"0":{"loc":{"start":{"line":49,"column":8},"end":{"line":51,"column":null}},"type":"if","locations":[{"start":{"line":49,"column":8},"end":{"line":51,"column":null}},{"start":{},"end":{}}],"line":49},"1":{"loc":{"start":{"line":60,"column":8},"end":{"line":64,"column":null}},"type":"if","locations":[{"start":{"line":60,"column":8},"end":{"line":64,"column":null}},{"start":{},"end":{}}],"line":60},"2":{"loc":{"start":{"line":80,"column":16},"end":{"line":80,"column":null}},"type":"cond-expr","locations":[{"start":{"line":80,"column":34},"end":{"line":80,"column":43}},{"start":{"line":80,"column":43},"end":{"line":80,"column":null}}],"line":80},"3":{"loc":{"start":{"line":84,"column":13},"end":{"line":186,"column":null}},"type":"cond-expr","locations":[{"start":{"line":85,"column":14},"end":{"line":85,"column":null}},{"start":{"line":87,"column":14},"end":{"line":186,"column":null}}],"line":84}},"s":{"0":4,"1":4,"2":4,"3":4,"4":4,"5":2,"6":2,"7":1,"8":1,"9":1,"10":1,"11":1,"12":1,"13":0,"14":0,"15":1,"16":1,"17":4},"f":{"0":4,"1":2,"2":2,"3":1,"4":1},"b":{"0":[1,1],"1":[0,1],"2":[1,3],"3":[2,2]},"meta":{"lastBranch":4,"lastFunction":5,"lastStatement":18,"seen":{"f:37:9:37:15":0,"s:38:44:38:Infinity":0,"s:39:22:39:Infinity":1,"s:40:17:40:Infinity":2,"s:41:27:41:Infinity":3,"s:43:2:70:Infinity":4,"f:43:12:43:18":1,"s:45:4:69:Infinity":5,"f:48:12:48:13":2,"b:49:8:51:Infinity:undefined:undefined:undefined:undefined":0,"s:49:8:51:Infinity":6,"s:50:10:50:Infinity":7,"s:52:8:52:Infinity":8,"f:54:12:54:13":3,"s:55:8:55:Infinity":9,"s:56:8:56:Infinity":10,"s:59:33:59:Infinity":11,"b:60:8:64:Infinity:undefined:undefined:undefined:undefined":1,"s:60:8:64:Infinity":12,"s:61:10:61:Infinity":13,"s:63:10:63:Infinity":14,"f:66:13:66:19":4,"s:67:8:67:Infinity":15,"s:68:8:68:Infinity":16,"s:72:2:192:Infinity":17,"b:80:34:80:43:80:43:80:Infinity":2,"b:85:14:85:Infinity:87:14:186:Infinity":3}}}
,"/home/runner/work/collective-social-web/collective-social-web/src/theme.ts": {"path":"/home/runner/work/collective-social-web/collective-social-web/src/theme.ts","statementMap":{"0":{"start":{"line":3,"column":6},"end":{"line":163,"column":null}},"1":{"start":{"line":165,"column":13},"end":{"line":165,"column":null}}},"fnMap":{},"branchMap":{},"s":{"0":1,"1":1},"f":{},"b":{},"meta":{"lastBranch":0,"lastFunction":0,"lastStatement":2,"seen":{"s:3:6:163:Infinity":0,"s:165:13:165:Infinity":1}}}
,"/home/runner/work/collective-social-web/collective-social-web/src/components/AddMediaModal.tsx": {"path":"/home/runner/work/collective-social-web/collective-social-web/src/components/AddMediaModal.tsx","statementMap":{"0":{"start":{"line":36,"column":32},"end":{"line":38,"column":null}},"1":{"start":{"line":39,"column":24},"end":{"line":39,"column":null}},"2":{"start":{"line":40,"column":28},"end":{"line":40,"column":null}},"3":{"start":{"line":41,"column":22},"end":{"line":41,"column":null}},"4":{"start":{"line":42,"column":26},"end":{"line":42,"column":null}},"5":{"start":{"line":43,"column":20},"end":{"line":43,"column":null}},"6":{"start":{"line":44,"column":34},"end":{"line":44,"column":null}},"7":{"start":{"line":45,"column":36},"end":{"line":45,"column":null}},"8":{"start":{"line":46,"column":36},"end":{"line":46,"column":null}},"9":{"start":{"line":47,"column":26},"end":{"line":47,"column":null}},"10":{"start":{"line":48,"column":34},"end":{"line":48,"column":null}},"11":{"start":{"line":49,"column":24},"end":{"line":49,"column":null}},"12":{"start":{"line":51,"column":20},"end":{"line":63,"column":null}},"13":{"start":{"line":52,"column":4},"end":{"line":52,"column":null}},"14":{"start":{"line":53,"column":4},"end":{"line":53,"column":null}},"15":{"start":{"line":54,"column":4},"end":{"line":54,"column":null}},"16":{"start":{"line":55,"column":4},"end":{"line":55,"column":null}},"17":{"start":{"line":56,"column":4},"end":{"line":56,"column":null}},"18":{"start":{"line":57,"column":4},"end":{"line":57,"column":null}},"19":{"start":{"line":58,"column":4},"end":{"line":58,"column":null}},"20":{"start":{"line":59,"column":4},"end":{"line":59,"column":null}},"21":{"start":{"line":60,"column":4},"end":{"line":60,"column":null}},"22":{"start":{"line":61,"column":4},"end":{"line":61,"column":null}},"23":{"start":{"line":62,"column":4},"end":{"line":62,"column":null}},"24":{"start":{"line":65,"column":22},"end":{"line":68,"column":null}},"25":{"start":{"line":66,"column":4},"end":{"line":66,"column":null}},"26":{"start":{"line":67,"column":4},"end":{"line":67,"column":null}},"27":{"start":{"line":70,"column":23},"end":{"line":116,"column":null}},"28":{"start":{"line":71,"column":4},"end":{"line":74,"column":null}},"29":{"start":{"line":72,"column":6},"end":{"line":72,"column":null}},"30":{"start":{"line":73,"column":6},"end":{"line":73,"column":null}},"31":{"start":{"line":76,"column":4},"end":{"line":76,"column":null}},"32":{"start":{"line":77,"column":4},"end":{"line":77,"column":null}},"33":{"start":{"line":79,"column":4},"end":{"line":115,"column":null}},"34":{"start":{"line":80,"column":23},"end":{"line":98,"column":null}},"35":{"start":{"line":100,"column":6},"end":{"line":103,"column":null}},"36":{"start":{"line":101,"column":26},"end":{"line":101,"column":null}},"37":{"start":{"line":101,"column":61},"end":{"line":101,"column":64}},"38":{"start":{"line":102,"column":8},"end":{"line":102,"column":null}},"39":{"start":{"line":105,"column":19},"end":{"line":105,"column":null}},"40":{"start":{"line":106,"column":6},"end":{"line":106,"column":null}},"41":{"start":{"line":107,"column":6},"end":{"line":107,"column":null}},"42":{"start":{"line":109,"column":6},"end":{"line":109,"column":null}},"43":{"start":{"line":110,"column":6},"end":{"line":112,"column":null}},"44":{"start":{"line":114,"column":6},"end":{"line":114,"column":null}},"45":{"start":{"line":118,"column":25},"end":{"line":130,"column":null}},"46":{"start":{"line":119,"column":4},"end":{"line":129,"column":null}},"47":{"start":{"line":121,"column":8},"end":{"line":121,"column":null}},"48":{"start":{"line":124,"column":8},"end":{"line":124,"column":null}},"49":{"start":{"line":126,"column":8},"end":{"line":126,"column":null}},"50":{"start":{"line":128,"column":8},"end":{"line":128,"column":null}},"51":{"start":{"line":132,"column":26},"end":{"line":148,"column":null}},"52":{"start":{"line":133,"column":4},"end":{"line":147,"column":null}},"53":{"start":{"line":135,"column":8},"end":{"line":135,"column":null}},"54":{"start":{"line":138,"column":8},"end":{"line":138,"column":null}},"55":{"start":{"line":140,"column":8},"end":{"line":140,"column":null}},"56":{"start":{"line":142,"column":8},"end":{"line":142,"column":null}},"57":{"start":{"line":144,"column":8},"end":{"line":144,"column":null}},"58":{"start":{"line":146,"column":8},"end":{"line":146,"column":null}},"59":{"start":{"line":150,"column":2},"end":{"line":345,"column":null}},"60":{"start":{"line":151,"column":49},"end":{"line":151,"column":null}},"61":{"start":{"line":178,"column":20},"end":{"line":188,"column":null}},"62":{"start":{"line":213,"column":35},"end":{"line":213,"column":null}},"63":{"start":{"line":221,"column":35},"end":{"line":221,"column":null}},"64":{"start":{"line":233,"column":43},"end":{"line":233,"column":null}},"65":{"start":{"line":244,"column":43},"end":{"line":244,"column":null}},"66":{"start":{"line":255,"column":41},"end":{"line":255,"column":null}},"67":{"start":{"line":271,"column":41},"end":{"line":271,"column":null}},"68":{"start":{"line":281,"column":41},"end":{"line":281,"column":null}},"69":{"start":{"line":296,"column":39},"end":{"line":296,"column":null}},"70":{"start":{"line":306,"column":39},"end":{"line":306,"column":null}},"71":{"start":{"line":317,"column":35},"end":{"line":317,"column":null}}},"fnMap":{"0":{"name":"AddMediaModal","decl":{"start":{"line":30,"column":16},"end":{"line":30,"column":30}},"loc":{"start":{"line":35,"column":23},"end":{"line":347,"column":null}},"line":35},"1":{"name":"(anonymous_1)","decl":{"start":{"line":51,"column":20},"end":{"line":51,"column":26}},"loc":{"start":{"line":51,"column":26},"end":{"line":63,"column":null}},"line":51},"2":{"name":"(anonymous_2)","decl":{"start":{"line":65,"column":22},"end":{"line":65,"column":28}},"loc":{"start":{"line":65,"column":28},"end":{"line":68,"column":null}},"line":65},"3":{"name":"(anonymous_3)","decl":{"start":{"line":70,"column":23},"end":{"line":70,"column":35}},"loc":{"start":{"line":70,"column":35},"end":{"line":116,"column":null}},"line":70},"4":{"name":"(anonymous_4)","decl":{"start":{"line":101,"column":54},"end":{"line":101,"column":61}},"loc":{"start":{"line":101,"column":61},"end":{"line":101,"column":64}},"line":101},"5":{"name":"(anonymous_5)","decl":{"start":{"line":118,"column":25},"end":{"line":118,"column":31}},"loc":{"start":{"line":118,"column":31},"end":{"line":130,"column":null}},"line":118},"6":{"name":"(anonymous_6)","decl":{"start":{"line":132,"column":26},"end":{"line":132,"column":32}},"loc":{"start":{"line":132,"column":32},"end":{"line":148,"column":null}},"line":132},"7":{"name":"(anonymous_7)","decl":{"start":{"line":151,"column":42},"end":{"line":151,"column":43}},"loc":{"start":{"line":151,"column":49},"end":{"line":151,"column":null}},"line":151},"8":{"name":"(anonymous_8)","decl":{"start":{"line":177,"column":28},"end":{"line":177,"column":29}},"loc":{"start":{"line":178,"column":20},"end":{"line":188,"column":null}},"line":178},"9":{"name":"(anonymous_9)","decl":{"start":{"line":213,"column":28},"end":{"line":213,"column":29}},"loc":{"start":{"line":213,"column":35},"end":{"line":213,"column":null}},"line":213},"10":{"name":"(anonymous_10)","decl":{"start":{"line":221,"column":28},"end":{"line":221,"column":29}},"loc":{"start":{"line":221,"column":35},"end":{"line":221,"column":null}},"line":221},"11":{"name":"(anonymous_11)","decl":{"start":{"line":233,"column":36},"end":{"line":233,"column":37}},"loc":{"start":{"line":233,"column":43},"end":{"line":233,"column":null}},"line":233},"12":{"name":"(anonymous_12)","decl":{"start":{"line":244,"column":36},"end":{"line":244,"column":37}},"loc":{"start":{"line":244,"column":43},"end":{"line":244,"column":null}},"line":244},"13":{"name":"(anonymous_13)","decl":{"start":{"line":255,"column":34},"end":{"line":255,"column":35}},"loc":{"start":{"line":255,"column":41},"end":{"line":255,"column":null}},"line":255},"14":{"name":"(anonymous_14)","decl":{"start":{"line":271,"column":34},"end":{"line":271,"column":35}},"loc":{"start":{"line":271,"column":41},"end":{"line":271,"column":null}},"line":271},"15":{"name":"(anonymous_15)","decl":{"start":{"line":281,"column":34},"end":{"line":281,"column":35}},"loc":{"start":{"line":281,"column":41},"end":{"line":281,"column":null}},"line":281},"16":{"name":"(anonymous_16)","decl":{"start":{"line":296,"column":32},"end":{"line":296,"column":33}},"loc":{"start":{"line":296,"column":39},"end":{"line":296,"column":null}},"line":296},"17":{"name":"(anonymous_17)","decl":{"start":{"line":306,"column":32},"end":{"line":306,"column":33}},"loc":{"start":{"line":306,"column":39},"end":{"line":306,"column":null}},"line":306},"18":{"name":"(anonymous_18)","decl":{"start":{"line":317,"column":28},"end":{"line":317,"column":29}},"loc":{"start":{"line":317,"column":35},"end":{"line":317,"column":null}},"line":317}},"branchMap":{"0":{"loc":{"start":{"line":71,"column":4},"end":{"line":74,"column":null}},"type":"if","locations":[{"start":{"line":71,"column":4},"end":{"line":74,"column":null}},{"start":{},"end":{}}],"line":71},"1":{"loc":{"start":{"line":88,"column":19},"end":{"line":88,"column":null}},"type":"binary-expr","locations":[{"start":{"line":88,"column":19},"end":{"line":88,"column":37}},{"start":{"line":88,"column":37},"end":{"line":88,"column":null}}],"line":88},"2":{"loc":{"start":{"line":90,"column":16},"end":{"line":90,"column":null}},"type":"binary-expr","locations":[{"start":{"line":90,"column":16},"end":{"line":90,"column":31}},{"start":{"line":90,"column":31},"end":{"line":90,"column":null}}],"line":90},"3":{"loc":{"start":{"line":91,"column":18},"end":{"line":91,"column":null}},"type":"binary-expr","locations":[{"start":{"line":91,"column":18},"end":{"line":91,"column":35}},{"start":{"line":91,"column":35},"end":{"line":91,"column":null}}],"line":91},"4":{"loc":{"start":{"line":92,"column":15},"end":{"line":92,"column":null}},"type":"binary-expr","locations":[{"start":{"line":92,"column":15},"end":{"line":92,"column":29}},{"start":{"line":92,"column":29},"end":{"line":92,"column":null}}],"line":92},"5":{"loc":{"start":{"line":93,"column":22},"end":{"line":93,"column":null}},"type":"binary-expr","locations":[{"start":{"line":93,"column":22},"end":{"line":93,"column":43}},{"start":{"line":93,"column":43},"end":{"line":93,"column":null}}],"line":93},"6":{"loc":{"start":{"line":94,"column":23},"end":{"line":94,"column":null}},"type":"binary-expr","locations":[{"start":{"line":94,"column":23},"end":{"line":94,"column":45}},{"start":{"line":94,"column":45},"end":{"line":94,"column":null}}],"line":94},"7":{"loc":{"start":{"line":95,"column":23},"end":{"line":95,"column":null}},"type":"cond-expr","locations":[{"start":{"line":95,"column":37},"end":{"line":95,"column":61}},{"start":{"line":95,"column":61},"end":{"line":95,"column":null}}],"line":95},"8":{"loc":{"start":{"line":96,"column":18},"end":{"line":96,"column":null}},"type":"cond-expr","locations":[{"start":{"line":96,"column":27},"end":{"line":96,"column":46}},{"start":{"line":96,"column":46},"end":{"line":96,"column":null}}],"line":96},"9":{"loc":{"start":{"line":100,"column":6},"end":{"line":103,"column":null}},"type":"if","locations":[{"start":{"line":100,"column":6},"end":{"line":103,"column":null}},{"start":{},"end":{}}],"line":100},"10":{"loc":{"start":{"line":102,"column":24},"end":{"line":102,"column":69}},"type":"binary-expr","locations":[{"start":{"line":102,"column":24},"end":{"line":102,"column":43}},{"start":{"line":102,"column":43},"end":{"line":102,"column":69}}],"line":102},"11":{"loc":{"start":{"line":111,"column":8},"end":{"line":111,"column":null}},"type":"cond-expr","locations":[{"start":{"line":111,"column":31},"end":{"line":111,"column":45}},{"start":{"line":111,"column":45},"end":{"line":111,"column":null}}],"line":111},"12":{"loc":{"start":{"line":119,"column":4},"end":{"line":129,"column":null}},"type":"switch","locations":[{"start":{"line":120,"column":6},"end":{"line":121,"column":null}},{"start":{"line":122,"column":6},"end":{"line":122,"column":null}},{"start":{"line":123,"column":6},"end":{"line":124,"column":null}},{"start":{"line":125,"column":6},"end":{"line":126,"column":null}},{"start":{"line":127,"column":6},"end":{"line":128,"column":null}}],"line":119},"13":{"loc":{"start":{"line":133,"column":4},"end":{"line":147,"column":null}},"type":"switch","locations":[{"start":{"line":134,"column":6},"end":{"line":135,"column":null}},{"start":{"line":136,"column":6},"end":{"line":136,"column":null}},{"start":{"line":137,"column":6},"end":{"line":138,"column":null}},{"start":{"line":139,"column":6},"end":{"line":140,"column":null}},{"start":{"line":141,"column":6},"end":{"line":142,"column":null}},{"start":{"line":143,"column":6},"end":{"line":144,"column":null}},{"start":{"line":145,"column":6},"end":{"line":146,"column":null}}],"line":133},"14":{"loc":{"start":{"line":151,"column":49},"end":{"line":151,"column":null}},"type":"binary-expr","locations":[{"start":{"line":151,"column":49},"end":{"line":151,"column":60}},{"start":{"line":151,"column":60},"end":{"line":151,"column":null}}],"line":151},"15":{"loc":{"start":{"line":160,"column":15},"end":{"line":170,"column":null}},"type":"binary-expr","locations":[{"start":{"line":160,"column":15},"end":{"line":160,"column":null}},{"start":{"line":161,"column":16},"end":{"line":170,"column":null}}],"line":160},"16":{"loc":{"start":{"line":224,"column":14},"end":{"line":262,"column":null}},"type":"binary-expr","locations":[{"start":{"line":226,"column":16},"end":{"line":226,"column":40}},{"start":{"line":226,"column":40},"end":{"line":226,"column":65}},{"start":{"line":226,"column":65},"end":{"line":226,"column":null}},{"start":{"line":227,"column":16},"end":{"line":262,"column":null}}],"line":224},"17":{"loc":{"start":{"line":228,"column":19},"end":{"line":237,"column":null}},"type":"binary-expr","locations":[{"start":{"line":228,"column":19},"end":{"line":228,"column":null}},{"start":{"line":229,"column":20},"end":{"line":237,"column":null}}],"line":228},"18":{"loc":{"start":{"line":237,"column":20},"end":{"line":248,"column":null}},"type":"binary-expr","locations":[{"start":{"line":239,"column":20},"end":{"line":239,"column":45}},{"start":{"line":239,"column":45},"end":{"line":239,"column":null}},{"start":{"line":240,"column":20},"end":{"line":248,"column":null}}],"line":237},"19":{"loc":{"start":{"line":265,"column":15},"end":{"line":288,"column":null}},"type":"binary-expr","locations":[{"start":{"line":265,"column":15},"end":{"line":265,"column":39}},{"start":{"line":265,"column":39},"end":{"line":265,"column":64}},{"start":{"line":265,"column":64},"end":{"line":265,"column":null}},{"start":{"line":266,"column":16},"end":{"line":288,"column":null}}],"line":265},"20":{"loc":{"start":{"line":337,"column":26},"end":{"line":337,"column":null}},"type":"binary-expr","locations":[{"start":{"line":337,"column":26},"end":{"line":337,"column":40}},{"start":{"line":337,"column":40},"end":{"line":337,"column":null}}],"line":337},"21":{"loc":{"start":{"line":339,"column":17},"end":{"line":339,"column":null}},"type":"cond-expr","locations":[{"start":{"line":339,"column":30},"end":{"line":339,"column":44}},{"start":{"line":339,"column":44},"end":{"line":339,"column":null}}],"line":339}},"s":{"0":0,"1":0,"2":0,"3":0,"4":0,"5":0,"6":0,"7":0,"8":0,"9":0,"10":0,"11":0,"12":0,"13":0,"14":0,"15":0,"16":0,"17":0,"18":0,"19":0,"20":0,"21":0,"22":0,"23":0,"24":0,"25":0,"26":0,"27":0,"28":0,"29":0,"30":0,"31":0,"32":0,"33":0,"34":0,"35":0,"36":0,"37":0,"38":0,"39":0,"40":0,"41":0,"42":0,"43":0,"44":0,"45":0,"46":0,"47":0,"48":0,"49":0,"50":0,"51":0,"52":0,"53":0,"54":0,"55":0,"56":0,"57":0,"58":0,"59":0,"60":0,"61":0,"62":0,"63":0,"64":0,"65":0,"66":0,"67":0,"68":0,"69":0,"70":0,"71":0},"f":{"0":0,"1":0,"2":0,"3":0,"4":0,"5":0,"6":0,"7":0,"8":0,"9":0,"10":0,"11":0,"12":0,"13":0,"14":0,"15":0,"16":0,"17":0,"18":0},"b":{"0":[0,0],"1":[0,0],"2":[0,0],"3":[0,0],"4":[0,0],"5":[0,0],"6":[0,0],"7":[0,0],"8":[0,0],"9":[0,0],"10":[0,0],"11":[0,0],"12":[0,0,0,0,0],"13":[0,0,0,0,0,0,0],"14":[0,0],"15":[0,0],"16":[0,0,0,0],"17":[0,0],"18":[0,0,0],"19":[0,0,0,0],"20":[0,0],"21":[0,0]},"meta":{"lastBranch":22,"lastFunction":19,"lastStatement":72,"seen":{"f:30:16:30:30":0,"s:36:32:38:Infinity":0,"s:39:24:39:Infinity":1,"s:40:28:40:Infinity":2,"s:41:22:41:Infinity":3,"s:42:26:42:Infinity":4,"s:43:20:43:Infinity":5,"s:44:34:44:Infinity":6,"s:45:36:45:Infinity":7,"s:46:36:46:Infinity":8,"s:47:26:47:Infinity":9,"s:48:34:48:Infinity":10,"s:49:24:49:Infinity":11,"s:51:20:63:Infinity":12,"f:51:20:51:26":1,"s:52:4:52:Infinity":13,"s:53:4:53:Infinity":14,"s:54:4:54:Infinity":15,"s:55:4:55:Infinity":16,"s:56:4:56:Infinity":17,"s:57:4:57:Infinity":18,"s:58:4:58:Infinity":19,"s:59:4:59:Infinity":20,"s:60:4:60:Infinity":21,"s:61:4:61:Infinity":22,"s:62:4:62:Infinity":23,"s:65:22:68:Infinity":24,"f:65:22:65:28":2,"s:66:4:66:Infinity":25,"s:67:4:67:Infinity":26,"s:70:23:116:Infinity":27,"f:70:23:70:35":3,"b:71:4:74:Infinity:undefined:undefined:undefined:undefined":0,"s:71:4:74:Infinity":28,"s:72:6:72:Infinity":29,"s:73:6:73:Infinity":30,"s:76:4:76:Infinity":31,"s:77:4:77:Infinity":32,"s:79:4:115:Infinity":33,"s:80:23:98:Infinity":34,"b:88:19:88:37:88:37:88:Infinity":1,"b:90:16:90:31:90:31:90:Infinity":2,"b:91:18:91:35:91:35:91:Infinity":3,"b:92:15:92:29:92:29:92:Infinity":4,"b:93:22:93:43:93:43:93:Infinity":5,"b:94:23:94:45:94:45:94:Infinity":6,"b:95:37:95:61:95:61:95:Infinity":7,"b:96:27:96:46:96:46:96:Infinity":8,"b:100:6:103:Infinity:undefined:undefined:undefined:undefined":9,"s:100:6:103:Infinity":35,"s:101:26:101:Infinity":36,"f:101:54:101:61":4,"s:101:61:101:64":37,"s:102:8:102:Infinity":38,"b:102:24:102:43:102:43:102:69":10,"s:105:19:105:Infinity":39,"s:106:6:106:Infinity":40,"s:107:6:107:Infinity":41,"s:109:6:109:Infinity":42,"s:110:6:112:Infinity":43,"b:111:31:111:45:111:45:111:Infinity":11,"s:114:6:114:Infinity":44,"s:118:25:130:Infinity":45,"f:118:25:118:31":5,"b:120:6:121:Infinity:122:6:122:Infinity:123:6:124:Infinity:125:6:126:Infinity:127:6:128:Infinity":12,"s:119:4:129:Infinity":46,"s:121:8:121:Infinity":47,"s:124:8:124:Infinity":48,"s:126:8:126:Infinity":49,"s:128:8:128:Infinity":50,"s:132:26:148:Infinity":51,"f:132:26:132:32":6,"b:134:6:135:Infinity:136:6:136:Infinity:137:6:138:Infinity:139:6:140:Infinity:141:6:142:Infinity:143:6:144:Infinity:145:6:146:Infinity":13,"s:133:4:147:Infinity":52,"s:135:8:135:Infinity":53,"s:138:8:138:Infinity":54,"s:140:8:140:Infinity":55,"s:142:8:142:Infinity":56,"s:144:8:144:Infinity":57,"s:146:8:146:Infinity":58,"s:150:2:345:Infinity":59,"f:151:42:151:43":7,"s:151:49:151:Infinity":60,"b:151:49:151:60:151:60:151:Infinity":14,"b:160:15:160:Infinity:161:16:170:Infinity":15,"f:177:28:177:29":8,"s:178:20:188:Infinity":61,"f:213:28:213:29":9,"s:213:35:213:Infinity":62,"f:221:28:221:29":10,"s:221:35:221:Infinity":63,"b:226:16:226:40:226:40:226:65:226:65:226:Infinity:227:16:262:Infinity":16,"b:228:19:228:Infinity:229:20:237:Infinity":17,"f:233:36:233:37":11,"s:233:43:233:Infinity":64,"b:239:20:239:45:239:45:239:Infinity:240:20:248:Infinity":18,"f:244:36:244:37":12,"s:244:43:244:Infinity":65,"f:255:34:255:35":13,"s:255:41:255:Infinity":66,"b:265:15:265:39:265:39:265:64:265:64:265:Infinity:266:16:288:Infinity":19,"f:271:34:271:35":14,"s:271:41:271:Infinity":67,"f:281:34:281:35":15,"s:281:41:281:Infinity":68,"f:296:32:296:33":16,"s:296:39:296:Infinity":69,"f:306:32:306:33":17,"s:306:39:306:Infinity":70,"f:317:28:317:29":18,"s:317:35:317:Infinity":71,"b:337:26:337:40:337:40:337:Infinity":20,"b:339:30:339:44:339:44:339:Infinity":21}}}
,"/home/runner/work/collective-social-web/collective-social-web/src/components/AdminLayout.tsx": {"path":"/home/runner/work/collective-social-web/collective-social-web/src/components/AdminLayout.tsx","statementMap":{"0":{"start":{"line":23,"column":8},"end":{"line":23,"column":null}},"1":{"start":{"line":24,"column":8},"end":{"line":24,"column":null}},"2":{"start":{"line":25,"column":42},"end":{"line":25,"column":null}},"3":{"start":{"line":27,"column":36},"end":{"line":44,"column":null}},"4":{"start":{"line":46,"column":27},"end":{"line":93,"column":null}},"5":{"start":{"line":47,"column":4},"end":{"line":93,"column":null}},"6":{"start":{"line":49,"column":8},"end":{"line":91,"column":null}},"7":{"start":{"line":62,"column":31},"end":{"line":62,"column":null}},"8":{"start":{"line":63,"column":14},"end":{"line":87,"column":null}},"9":{"start":{"line":78,"column":20},"end":{"line":78,"column":null}},"10":{"start":{"line":79,"column":20},"end":{"line":79,"column":null}},"11":{"start":{"line":96,"column":2},"end":{"line":152,"column":null}},"12":{"start":{"line":120,"column":29},"end":{"line":120,"column":null}},"13":{"start":{"line":137,"column":29},"end":{"line":137,"column":null}}},"fnMap":{"0":{"name":"AdminLayout","decl":{"start":{"line":22,"column":16},"end":{"line":22,"column":28}},"loc":{"start":{"line":22,"column":60},"end":{"line":154,"column":null}},"line":22},"1":{"name":"(anonymous_1)","decl":{"start":{"line":46,"column":27},"end":{"line":46,"column":null}},"loc":{"start":{"line":47,"column":4},"end":{"line":93,"column":null}},"line":47},"2":{"name":"(anonymous_2)","decl":{"start":{"line":48,"column":23},"end":{"line":48,"column":24}},"loc":{"start":{"line":49,"column":8},"end":{"line":91,"column":null}},"line":49},"3":{"name":"(anonymous_3)","decl":{"start":{"line":61,"column":31},"end":{"line":61,"column":32}},"loc":{"start":{"line":61,"column":41},"end":{"line":89,"column":13}},"line":61},"4":{"name":"(anonymous_4)","decl":{"start":{"line":77,"column":27},"end":{"line":77,"column":33}},"loc":{"start":{"line":77,"column":33},"end":{"line":80,"column":null}},"line":77},"5":{"name":"(anonymous_5)","decl":{"start":{"line":120,"column":23},"end":{"line":120,"column":29}},"loc":{"start":{"line":120,"column":29},"end":{"line":120,"column":null}},"line":120},"6":{"name":"(anonymous_6)","decl":{"start":{"line":137,"column":22},"end":{"line":137,"column":23}},"loc":{"start":{"line":137,"column":29},"end":{"line":137,"column":null}},"line":137}},"branchMap":{"0":{"loc":{"start":{"line":72,"column":22},"end":{"line":72,"column":null}},"type":"cond-expr","locations":[{"start":{"line":72,"column":33},"end":{"line":72,"column":52}},{"start":{"line":72,"column":52},"end":{"line":72,"column":null}}],"line":72},"1":{"loc":{"start":{"line":73,"column":25},"end":{"line":73,"column":null}},"type":"cond-expr","locations":[{"start":{"line":73,"column":36},"end":{"line":73,"column":46}},{"start":{"line":73,"column":46},"end":{"line":73,"column":null}}],"line":73},"2":{"loc":{"start":{"line":75,"column":24},"end":{"line":75,"column":null}},"type":"cond-expr","locations":[{"start":{"line":75,"column":35},"end":{"line":75,"column":52}},{"start":{"line":75,"column":52},"end":{"line":75,"column":null}}],"line":75},"3":{"loc":{"start":{"line":84,"column":50},"end":{"line":84,"column":null}},"type":"cond-expr","locations":[{"start":{"line":84,"column":61},"end":{"line":84,"column":74}},{"start":{"line":84,"column":74},"end":{"line":84,"column":null}}],"line":84}},"s":{"0":0,"1":0,"2":0,"3":0,"4":0,"5":0,"6":0,"7":0,"8":0,"9":0,"10":0,"11":0,"12":0,"13":0},"f":{"0":0,"1":0,"2":0,"3":0,"4":0,"5":0,"6":0},"b":{"0":[0,0],"1":[0,0],"2":[0,0],"3":[0,0]},"meta":{"lastBranch":4,"lastFunction":7,"lastStatement":14,"seen":{"f:22:16:22:28":0,"s:23:8:23:Infinity":0,"s:24:8:24:Infinity":1,"s:25:42:25:Infinity":2,"s:27:36:44:Infinity":3,"s:46:27:93:Infinity":4,"f:46:27:46:Infinity":1,"s:47:4:93:Infinity":5,"f:48:23:48:24":2,"s:49:8:91:Infinity":6,"f:61:31:61:32":3,"s:62:31:62:Infinity":7,"s:63:14:87:Infinity":8,"b:72:33:72:52:72:52:72:Infinity":0,"b:73:36:73:46:73:46:73:Infinity":1,"b:75:35:75:52:75:52:75:Infinity":2,"f:77:27:77:33":4,"s:78:20:78:Infinity":9,"s:79:20:79:Infinity":10,"b:84:61:84:74:84:74:84:Infinity":3,"s:96:2:152:Infinity":11,"f:120:23:120:29":5,"s:120:29:120:Infinity":12,"f:137:22:137:23":6,"s:137:29:137:Infinity":13}}}
,"/home/runner/work/collective-social-web/collective-social-web/src/components/CollectionCard.tsx": {"path":"/home/runner/work/collective-social-web/collective-social-web/src/components/CollectionCard.tsx","statementMap":{"0":{"start":{"line":23,"column":8},"end":{"line":23,"column":null}},"1":{"start":{"line":25,"column":24},"end":{"line":30,"column":null}},"2":{"start":{"line":26,"column":4},"end":{"line":29,"column":null}},"3":{"start":{"line":27,"column":6},"end":{"line":27,"column":null}},"4":{"start":{"line":28,"column":6},"end":{"line":28,"column":null}},"5":{"start":{"line":32,"column":2},"end":{"line":116,"column":null}},"6":{"start":{"line":52,"column":21},"end":{"line":52,"column":null}},"7":{"start":{"line":82,"column":16},"end":{"line":82,"column":null}},"8":{"start":{"line":83,"column":16},"end":{"line":83,"column":null}},"9":{"start":{"line":95,"column":18},"end":{"line":95,"column":null}},"10":{"start":{"line":96,"column":18},"end":{"line":96,"column":null}}},"fnMap":{"0":{"name":"CollectionCard","decl":{"start":{"line":22,"column":16},"end":{"line":22,"column":31}},"loc":{"start":{"line":22,"column":86},"end":{"line":118,"column":null}},"line":22},"1":{"name":"(anonymous_1)","decl":{"start":{"line":25,"column":24},"end":{"line":25,"column":25}},"loc":{"start":{"line":25,"column":52},"end":{"line":30,"column":null}},"line":25},"2":{"name":"(anonymous_2)","decl":{"start":{"line":52,"column":15},"end":{"line":52,"column":21}},"loc":{"start":{"line":52,"column":21},"end":{"line":52,"column":null}},"line":52},"3":{"name":"(anonymous_3)","decl":{"start":{"line":81,"column":23},"end":{"line":81,"column":24}},"loc":{"start":{"line":81,"column":30},"end":{"line":84,"column":null}},"line":81},"4":{"name":"(anonymous_4)","decl":{"start":{"line":94,"column":25},"end":{"line":94,"column":26}},"loc":{"start":{"line":94,"column":32},"end":{"line":97,"column":null}},"line":94}},"branchMap":{"0":{"loc":{"start":{"line":26,"column":4},"end":{"line":29,"column":null}},"type":"if","locations":[{"start":{"line":26,"column":4},"end":{"line":29,"column":null}},{"start":{},"end":{}}],"line":26},"1":{"loc":{"start":{"line":26,"column":8},"end":{"line":26,"column":44}},"type":"binary-expr","locations":[{"start":{"line":26,"column":8},"end":{"line":26,"column":29}},{"start":{"line":26,"column":29},"end":{"line":26,"column":44}}],"line":26},"2":{"loc":{"start":{"line":64,"column":13},"end":{"line":67,"column":null}},"type":"binary-expr","locations":[{"start":{"line":64,"column":13},"end":{"line":64,"column":null}},{"start":{"line":65,"column":14},"end":{"line":67,"column":null}}],"line":64},"3":{"loc":{"start":{"line":71,"column":13},"end":{"line":74,"column":null}},"type":"binary-expr","locations":[{"start":{"line":71,"column":13},"end":{"line":71,"column":null}},{"start":{"line":72,"column":14},"end":{"line":74,"column":null}}],"line":71},"4":{"loc":{"start":{"line":88,"column":13},"end":{"line":100,"column":null}},"type":"binary-expr","locations":[{"start":{"line":88,"column":13},"end":{"line":88,"column":null}},{"start":{"line":89,"column":14},"end":{"line":100,"column":null}}],"line":88},"5":{"loc":{"start":{"line":105,"column":9},"end":{"line":108,"column":null}},"type":"binary-expr","locations":[{"start":{"line":105,"column":9},"end":{"line":105,"column":null}},{"start":{"line":106,"column":10},"end":{"line":108,"column":null}}],"line":105}},"s":{"0":0,"1":0,"2":0,"3":0,"4":0,"5":0,"6":0,"7":0,"8":0,"9":0,"10":0},"f":{"0":0,"1":0,"2":0,"3":0,"4":0},"b":{"0":[0,0],"1":[0,0],"2":[0,0],"3":[0,0],"4":[0,0],"5":[0,0]},"meta":{"lastBranch":6,"lastFunction":5,"lastStatement":11,"seen":{"f:22:16:22:31":0,"s:23:8:23:Infinity":0,"s:25:24:30:Infinity":1,"f:25:24:25:25":1,"b:26:4:29:Infinity:undefined:undefined:undefined:undefined":0,"s:26:4:29:Infinity":2,"b:26:8:26:29:26:29:26:44":1,"s:27:6:27:Infinity":3,"s:28:6:28:Infinity":4,"s:32:2:116:Infinity":5,"f:52:15:52:21":2,"s:52:21:52:Infinity":6,"b:64:13:64:Infinity:65:14:67:Infinity":2,"b:71:13:71:Infinity:72:14:74:Infinity":3,"f:81:23:81:24":3,"s:82:16:82:Infinity":7,"s:83:16:83:Infinity":8,"b:88:13:88:Infinity:89:14:100:Infinity":4,"f:94:25:94:26":4,"s:95:18:95:Infinity":9,"s:96:18:96:Infinity":10,"b:105:9:105:Infinity:106:10:108:Infinity":5}}}
,"/home/runner/work/collective-social-web/collective-social-web/src/components/CollectionModal.tsx": {"path":"/home/runner/work/collective-social-web/collective-social-web/src/components/CollectionModal.tsx","statementMap":{"0":{"start":{"line":43,"column":2},"end":{"line":43,"column":null}},"1":{"start":{"line":43,"column":15},"end":{"line":43,"column":null}},"2":{"start":{"line":45,"column":2},"end":{"line":157,"column":null}},"3":{"start":{"line":69,"column":26},"end":{"line":69,"column":null}},"4":{"start":{"line":86,"column":37},"end":{"line":86,"column":null}},"5":{"start":{"line":95,"column":37},"end":{"line":95,"column":null}},"6":{"start":{"line":114,"column":26},"end":{"line":117,"column":null}},"7":{"start":{"line":133,"column":26},"end":{"line":136,"column":null}}},"fnMap":{"0":{"name":"CollectionModal","decl":{"start":{"line":33,"column":16},"end":{"line":33,"column":32}},"loc":{"start":{"line":42,"column":25},"end":{"line":159,"column":null}},"line":42},"1":{"name":"(anonymous_1)","decl":{"start":{"line":69,"column":19},"end":{"line":69,"column":20}},"loc":{"start":{"line":69,"column":26},"end":{"line":69,"column":null}},"line":69},"2":{"name":"(anonymous_2)","decl":{"start":{"line":86,"column":30},"end":{"line":86,"column":31}},"loc":{"start":{"line":86,"column":37},"end":{"line":86,"column":null}},"line":86},"3":{"name":"(anonymous_3)","decl":{"start":{"line":95,"column":30},"end":{"line":95,"column":31}},"loc":{"start":{"line":95,"column":37},"end":{"line":95,"column":null}},"line":95},"4":{"name":"(anonymous_4)","decl":{"start":{"line":113,"column":34},"end":{"line":113,"column":35}},"loc":{"start":{"line":114,"column":26},"end":{"line":117,"column":null}},"line":114},"5":{"name":"(anonymous_5)","decl":{"start":{"line":132,"column":34},"end":{"line":132,"column":35}},"loc":{"start":{"line":133,"column":26},"end":{"line":136,"column":null}},"line":133}},"branchMap":{"0":{"loc":{"start":{"line":43,"column":2},"end":{"line":43,"column":null}},"type":"if","locations":[{"start":{"line":43,"column":2},"end":{"line":43,"column":null}},{"start":{},"end":{}}],"line":43},"1":{"loc":{"start":{"line":74,"column":15},"end":{"line":77,"column":null}},"type":"binary-expr","locations":[{"start":{"line":74,"column":15},"end":{"line":74,"column":null}},{"start":{"line":75,"column":16},"end":{"line":77,"column":null}}],"line":74}},"s":{"0":0,"1":0,"2":0,"3":0,"4":0,"5":0,"6":0,"7":0},"f":{"0":0,"1":0,"2":0,"3":0,"4":0,"5":0},"b":{"0":[0,0],"1":[0,0]},"meta":{"lastBranch":2,"lastFunction":6,"lastStatement":8,"seen":{"f:33:16:33:32":0,"b:43:2:43:Infinity:undefined:undefined:undefined:undefined":0,"s:43:2:43:Infinity":0,"s:43:15:43:Infinity":1,"s:45:2:157:Infinity":2,"f:69:19:69:20":1,"s:69:26:69:Infinity":3,"b:74:15:74:Infinity:75:16:77:Infinity":1,"f:86:30:86:31":2,"s:86:37:86:Infinity":4,"f:95:30:95:31":3,"s:95:37:95:Infinity":5,"f:113:34:113:35":4,"s:114:26:117:Infinity":6,"f:132:34:132:35":5,"s:133:26:136:Infinity":7}}}
,"/home/runner/work/collective-social-web/collective-social-web/src/components/CommentForm.tsx": {"path":"/home/runner/work/collective-social-web/collective-social-web/src/components/CommentForm.tsx","statementMap":{"0":{"start":{"line":19,"column":22},"end":{"line":19,"column":null}},"1":{"start":{"line":20,"column":34},"end":{"line":20,"column":null}},"2":{"start":{"line":21,"column":24},"end":{"line":21,"column":null}},"3":{"start":{"line":23,"column":23},"end":{"line":47,"column":null}},"4":{"start":{"line":24,"column":4},"end":{"line":27,"column":null}},"5":{"start":{"line":25,"column":6},"end":{"line":25,"column":null}},"6":{"start":{"line":26,"column":6},"end":{"line":26,"column":null}},"7":{"start":{"line":29,"column":4},"end":{"line":32,"column":null}},"8":{"start":{"line":30,"column":6},"end":{"line":30,"column":null}},"9":{"start":{"line":31,"column":6},"end":{"line":31,"column":null}},"10":{"start":{"line":34,"column":4},"end":{"line":34,"column":null}},"11":{"start":{"line":35,"column":4},"end":{"line":35,"column":null}},"12":{"start":{"line":37,"column":4},"end":{"line":46,"column":null}},"13":{"start":{"line":38,"column":6},"end":{"line":38,"column":null}},"14":{"start":{"line":39,"column":6},"end":{"line":39,"column":null}},"15":{"start":{"line":40,"column":6},"end":{"line":40,"column":null}},"16":{"start":{"line":40,"column":20},"end":{"line":40,"column":null}},"17":{"start":{"line":42,"column":6},"end":{"line":42,"column":null}},"18":{"start":{"line":43,"column":6},"end":{"line":43,"column":null}},"19":{"start":{"line":45,"column":6},"end":{"line":45,"column":null}},"20":{"start":{"line":49,"column":2},"end":{"line":85,"column":null}},"21":{"start":{"line":53,"column":25},"end":{"line":53,"column":null}}},"fnMap":{"0":{"name":"CommentForm","decl":{"start":{"line":14,"column":16},"end":{"line":14,"column":28}},"loc":{"start":{"line":18,"column":21},"end":{"line":87,"column":null}},"line":18},"1":{"name":"(anonymous_1)","decl":{"start":{"line":23,"column":23},"end":{"line":23,"column":35}},"loc":{"start":{"line":23,"column":35},"end":{"line":47,"column":null}},"line":23},"2":{"name":"(anonymous_2)","decl":{"start":{"line":53,"column":18},"end":{"line":53,"column":19}},"loc":{"start":{"line":53,"column":25},"end":{"line":53,"column":null}},"line":53}},"branchMap":{"0":{"loc":{"start":{"line":15,"column":2},"end":{"line":15,"column":null}},"type":"default-arg","locations":[{"start":{"line":15,"column":16},"end":{"line":15,"column":null}}],"line":15},"1":{"loc":{"start":{"line":24,"column":4},"end":{"line":27,"column":null}},"type":"if","locations":[{"start":{"line":24,"column":4},"end":{"line":27,"column":null}},{"start":{},"end":{}}],"line":24},"2":{"loc":{"start":{"line":29,"column":4},"end":{"line":32,"column":null}},"type":"if","locations":[{"start":{"line":29,"column":4},"end":{"line":32,"column":null}},{"start":{},"end":{}}],"line":29},"3":{"loc":{"start":{"line":40,"column":6},"end":{"line":40,"column":null}},"type":"if","locations":[{"start":{"line":40,"column":6},"end":{"line":40,"column":null}},{"start":{},"end":{}}],"line":40},"4":{"loc":{"start":{"line":59,"column":7},"end":{"line":62,"column":null}},"type":"binary-expr","locations":[{"start":{"line":59,"column":7},"end":{"line":59,"column":null}},{"start":{"line":60,"column":8},"end":{"line":62,"column":null}}],"line":59},"5":{"loc":{"start":{"line":70,"column":20},"end":{"line":70,"column":null}},"type":"binary-expr","locations":[{"start":{"line":70,"column":20},"end":{"line":70,"column":34}},{"start":{"line":70,"column":34},"end":{"line":70,"column":null}}],"line":70},"6":{"loc":{"start":{"line":77,"column":11},"end":{"line":77,"column":null}},"type":"cond-expr","locations":[{"start":{"line":77,"column":24},"end":{"line":77,"column":39}},{"start":{"line":77,"column":39},"end":{"line":77,"column":null}}],"line":77},"7":{"loc":{"start":{"line":79,"column":9},"end":{"line":82,"column":null}},"type":"binary-expr","locations":[{"start":{"line":79,"column":9},"end":{"line":79,"column":null}},{"start":{"line":80,"column":10},"end":{"line":82,"column":null}}],"line":79}},"s":{"0":0,"1":0,"2":0,"3":0,"4":0,"5":0,"6":0,"7":0,"8":0,"9":0,"10":0,"11":0,"12":0,"13":0,"14":0,"15":0,"16":0,"17":0,"18":0,"19":0,"20":0,"21":0},"f":{"0":0,"1":0,"2":0},"b":{"0":[0],"1":[0,0],"2":[0,0],"3":[0,0],"4":[0,0],"5":[0,0],"6":[0,0],"7":[0,0]},"meta":{"lastBranch":8,"lastFunction":3,"lastStatement":22,"seen":{"f:14:16:14:28":0,"b:15:16:15:Infinity":0,"s:19:22:19:Infinity":0,"s:20:34:20:Infinity":1,"s:21:24:21:Infinity":2,"s:23:23:47:Infinity":3,"f:23:23:23:35":1,"b:24:4:27:Infinity:undefined:undefined:undefined:undefined":1,"s:24:4:27:Infinity":4,"s:25:6:25:Infinity":5,"s:26:6:26:Infinity":6,"b:29:4:32:Infinity:undefined:undefined:undefined:undefined":2,"s:29:4:32:Infinity":7,"s:30:6:30:Infinity":8,"s:31:6:31:Infinity":9,"s:34:4:34:Infinity":10,"s:35:4:35:Infinity":11,"s:37:4:46:Infinity":12,"s:38:6:38:Infinity":13,"s:39:6:39:Infinity":14,"b:40:6:40:Infinity:undefined:undefined:undefined:undefined":3,"s:40:6:40:Infinity":15,"s:40:20:40:Infinity":16,"s:42:6:42:Infinity":17,"s:43:6:43:Infinity":18,"s:45:6:45:Infinity":19,"s:49:2:85:Infinity":20,"f:53:18:53:19":2,"s:53:25:53:Infinity":21,"b:59:7:59:Infinity:60:8:62:Infinity":4,"b:70:20:70:34:70:34:70:Infinity":5,"b:77:24:77:39:77:39:77:Infinity":6,"b:79:9:79:Infinity:80:10:82:Infinity":7}}}
,"/home/runner/work/collective-social-web/collective-social-web/src/components/CommentList.tsx": {"path":"/home/runner/work/collective-social-web/collective-social-web/src/components/CommentList.tsx","statementMap":{"0":{"start":{"line":65,"column":40},"end":{"line":65,"column":null}},"1":{"start":{"line":66,"column":32},"end":{"line":66,"column":null}},"2":{"start":{"line":67,"column":30},"end":{"line":67,"column":null}},"3":{"start":{"line":68,"column":28},"end":{"line":68,"column":null}},"4":{"start":{"line":69,"column":42},"end":{"line":69,"column":null}},"5":{"start":{"line":70,"column":36},"end":{"line":70,"column":null}},"6":{"start":{"line":71,"column":34},"end":{"line":71,"column":null}},"7":{"start":{"line":73,"column":23},"end":{"line":73,"column":null}},"8":{"start":{"line":74,"column":19},"end":{"line":74,"column":null}},"9":{"start":{"line":77,"column":2},"end":{"line":79,"column":null}},"10":{"start":{"line":78,"column":4},"end":{"line":78,"column":null}},"11":{"start":{"line":82,"column":2},"end":{"line":86,"column":null}},"12":{"start":{"line":83,"column":4},"end":{"line":85,"column":null}},"13":{"start":{"line":84,"column":6},"end":{"line":84,"column":null}},"14":{"start":{"line":88,"column":26},"end":{"line":101,"column":null}},"15":{"start":{"line":89,"column":4},"end":{"line":100,"column":null}},"16":{"start":{"line":90,"column":25},"end":{"line":90,"column":null}},"17":{"start":{"line":91,"column":23},"end":{"line":93,"column":null}},"18":{"start":{"line":94,"column":6},"end":{"line":97,"column":null}},"19":{"start":{"line":95,"column":21},"end":{"line":95,"column":null}},"20":{"start":{"line":96,"column":8},"end":{"line":96,"column":null}},"21":{"start":{"line":99,"column":6},"end":{"line":99,"column":null}},"22":{"start":{"line":103,"column":23},"end":{"line":120,"column":null}},"23":{"start":{"line":104,"column":4},"end":{"line":104,"column":null}},"24":{"start":{"line":105,"column":4},"end":{"line":119,"column":null}},"25":{"start":{"line":106,"column":25},"end":{"line":106,"column":null}},"26":{"start":{"line":107,"column":23},"end":{"line":109,"column":null}},"27":{"start":{"line":110,"column":6},"end":{"line":114,"column":null}},"28":{"start":{"line":111,"column":21},"end":{"line":111,"column":null}},"29":{"start":{"line":112,"column":8},"end":{"line":112,"column":null}},"30":{"start":{"line":113,"column":8},"end":{"line":113,"column":null}},"31":{"start":{"line":116,"column":6},"end":{"line":116,"column":null}},"32":{"start":{"line":118,"column":6},"end":{"line":118,"column":null}},"33":{"start":{"line":122,"column":22},"end":{"line":144,"column":null}},"34":{"start":{"line":123,"column":4},"end":{"line":143,"column":null}},"35":{"start":{"line":124,"column":23},"end":{"line":132,"column":null}},"36":{"start":{"line":134,"column":6},"end":{"line":139,"column":null}},"37":{"start":{"line":135,"column":8},"end":{"line":135,"column":null}},"38":{"start":{"line":137,"column":8},"end":{"line":137,"column":null}},"39":{"start":{"line":138,"column":8},"end":{"line":138,"column":null}},"40":{"start":{"line":141,"column":6},"end":{"line":141,"column":null}},"41":{"start":{"line":142,"column":6},"end":{"line":142,"column":null}},"42":{"start":{"line":146,"column":21},"end":{"line":163,"column":null}},"43":{"start":{"line":147,"column":4},"end":{"line":162,"column":null}},"44":{"start":{"line":148,"column":25},"end":{"line":148,"column":null}},"45":{"start":{"line":149,"column":23},"end":{"line":154,"column":null}},"46":{"start":{"line":156,"column":6},"end":{"line":159,"column":null}},"47":{"start":{"line":157,"column":8},"end":{"line":157,"column":null}},"48":{"start":{"line":158,"column":8},"end":{"line":158,"column":null}},"49":{"start":{"line":161,"column":6},"end":{"line":161,"column":null}},"50":{"start":{"line":165,"column":23},"end":{"line":186,"column":null}},"51":{"start":{"line":166,"column":4},"end":{"line":166,"column":null}},"52":{"start":{"line":166,"column":67},"end":{"line":166,"column":null}},"53":{"start":{"line":168,"column":4},"end":{"line":185,"column":null}},"54":{"start":{"line":169,"column":25},"end":{"line":169,"column":null}},"55":{"start":{"line":170,"column":23},"end":{"line":173,"column":null}},"56":{"start":{"line":175,"column":6},"end":{"line":181,"column":null}},"57":{"start":{"line":176,"column":8},"end":{"line":176,"column":null}},"58":{"start":{"line":178,"column":26},"end":{"line":178,"column":null}},"59":{"start":{"line":178,"column":61},"end":{"line":178,"column":64}},"60":{"start":{"line":179,"column":8},"end":{"line":179,"column":null}},"61":{"start":{"line":180,"column":8},"end":{"line":180,"column":null}},"62":{"start":{"line":183,"column":6},"end":{"line":183,"column":null}},"63":{"start":{"line":184,"column":6},"end":{"line":184,"column":null}},"64":{"start":{"line":188,"column":28},"end":{"line":191,"column":null}},"65":{"start":{"line":189,"column":4},"end":{"line":189,"column":null}},"66":{"start":{"line":189,"column":25},"end":{"line":189,"column":63}},"67":{"start":{"line":189,"column":44},"end":{"line":189,"column":62}},"68":{"start":{"line":190,"column":4},"end":{"line":190,"column":null}},"69":{"start":{"line":190,"column":28},"end":{"line":190,"column":49}},"70":{"start":{"line":193,"column":28},"end":{"line":201,"column":null}},"71":{"start":{"line":194,"column":4},"end":{"line":200,"column":null}},"72":{"start":{"line":195,"column":6},"end":{"line":199,"column":null}},"73":{"start":{"line":196,"column":8},"end":{"line":198,"column":null}},"74":{"start":{"line":203,"column":21},"end":{"line":216,"column":null}},"75":{"start":{"line":204,"column":17},"end":{"line":204,"column":null}},"76":{"start":{"line":205,"column":16},"end":{"line":205,"column":null}},"77":{"start":{"line":206,"column":19},"end":{"line":206,"column":null}},"78":{"start":{"line":207,"column":21},"end":{"line":207,"column":null}},"79":{"start":{"line":208,"column":22},"end":{"line":208,"column":null}},"80":{"start":{"line":209,"column":21},"end":{"line":209,"column":null}},"81":{"start":{"line":211,"column":4},"end":{"line":211,"column":null}},"82":{"start":{"line":211,"column":22},"end":{"line":211,"column":null}},"83":{"start":{"line":212,"column":4},"end":{"line":212,"column":null}},"84":{"start":{"line":212,"column":23},"end":{"line":212,"column":null}},"85":{"start":{"line":213,"column":4},"end":{"line":213,"column":null}},"86":{"start":{"line":213,"column":24},"end":{"line":213,"column":null}},"87":{"start":{"line":214,"column":4},"end":{"line":214,"column":null}},"88":{"start":{"line":214,"column":22},"end":{"line":214,"column":null}},"89":{"start":{"line":215,"column":4},"end":{"line":215,"column":null}},"90":{"start":{"line":218,"column":2},"end":{"line":373,"column":null}},"91":{"start":{"line":251,"column":33},"end":{"line":251,"column":null}},"92":{"start":{"line":265,"column":20},"end":{"line":265,"column":null}},"93":{"start":{"line":266,"column":20},"end":{"line":266,"column":null}},"94":{"start":{"line":283,"column":35},"end":{"line":283,"column":null}},"95":{"start":{"line":296,"column":37},"end":{"line":296,"column":null}},"96":{"start":{"line":318,"column":35},"end":{"line":318,"column":null}},"97":{"start":{"line":341,"column":32},"end":{"line":341,"column":null}},"98":{"start":{"line":356,"column":20},"end":{"line":365,"column":null}},"99":{"start":{"line":384,"column":30},"end":{"line":384,"column":null}},"100":{"start":{"line":385,"column":28},"end":{"line":385,"column":null}},"101":{"start":{"line":386,"column":24},"end":{"line":386,"column":null}},"102":{"start":{"line":387,"column":44},"end":{"line":387,"column":null}},"103":{"start":{"line":389,"column":2},"end":{"line":391,"column":null}},"104":{"start":{"line":390,"column":4},"end":{"line":390,"column":null}},"105":{"start":{"line":393,"column":2},"end":{"line":397,"column":null}},"106":{"start":{"line":394,"column":4},"end":{"line":396,"column":null}},"107":{"start":{"line":395,"column":6},"end":{"line":395,"column":null}},"108":{"start":{"line":399,"column":24},"end":{"line":420,"column":null}},"109":{"start":{"line":400,"column":4},"end":{"line":400,"column":null}},"110":{"start":{"line":401,"column":4},"end":{"line":401,"column":null}},"111":{"start":{"line":402,"column":4},"end":{"line":419,"column":null}},"112":{"start":{"line":403,"column":25},"end":{"line":403,"column":null}},"113":{"start":{"line":404,"column":23},"end":{"line":406,"column":null}},"114":{"start":{"line":408,"column":6},"end":{"line":413,"column":null}},"115":{"start":{"line":409,"column":21},"end":{"line":409,"column":null}},"116":{"start":{"line":410,"column":8},"end":{"line":410,"column":null}},"117":{"start":{"line":412,"column":8},"end":{"line":412,"column":null}},"118":{"start":{"line":415,"column":6},"end":{"line":415,"column":null}},"119":{"start":{"line":416,"column":6},"end":{"line":416,"column":null}},"120":{"start":{"line":418,"column":6},"end":{"line":418,"column":null}},"121":{"start":{"line":422,"column":27},"end":{"line":442,"column":null}},"122":{"start":{"line":423,"column":4},"end":{"line":441,"column":null}},"123":{"start":{"line":424,"column":23},"end":{"line":432,"column":null}},"124":{"start":{"line":434,"column":6},"end":{"line":437,"column":null}},"125":{"start":{"line":435,"column":8},"end":{"line":435,"column":null}},"126":{"start":{"line":436,"column":8},"end":{"line":436,"column":null}},"127":{"start":{"line":439,"column":6},"end":{"line":439,"column":null}},"128":{"start":{"line":440,"column":6},"end":{"line":440,"column":null}},"129":{"start":{"line":444,"column":30},"end":{"line":446,"column":null}},"130":{"start":{"line":445,"column":4},"end":{"line":445,"column":null}},"131":{"start":{"line":445,"column":26},"end":{"line":445,"column":66}},"132":{"start":{"line":445,"column":45},"end":{"line":445,"column":65}},"133":{"start":{"line":448,"column":30},"end":{"line":456,"column":null}},"134":{"start":{"line":449,"column":4},"end":{"line":455,"column":null}},"135":{"start":{"line":450,"column":6},"end":{"line":454,"column":null}},"136":{"start":{"line":451,"column":8},"end":{"line":453,"column":null}},"137":{"start":{"line":458,"column":2},"end":{"line":464,"column":null}},"138":{"start":{"line":459,"column":4},"end":{"line":462,"column":null}},"139":{"start":{"line":466,"column":2},"end":{"line":472,"column":null}},"140":{"start":{"line":467,"column":4},"end":{"line":470,"column":null}},"141":{"start":{"line":474,"column":2},"end":{"line":519,"column":null}},"142":{"start":{"line":488,"column":14},"end":{"line":488,"column":null}},"143":{"start":{"line":489,"column":14},"end":{"line":491,"column":null}},"144":{"start":{"line":490,"column":16},"end":{"line":490,"column":null}},"145":{"start":{"line":507,"column":12},"end":{"line":515,"column":null}}},"fnMap":{"0":{"name":"CommentItem","decl":{"start":{"line":56,"column":9},"end":{"line":56,"column":21}},"loc":{"start":{"line":64,"column":21},"end":{"line":375,"column":null}},"line":64},"1":{"name":"(anonymous_1)","decl":{"start":{"line":77,"column":12},"end":{"line":77,"column":18}},"loc":{"start":{"line":77,"column":18},"end":{"line":79,"column":5}},"line":77},"2":{"name":"(anonymous_2)","decl":{"start":{"line":82,"column":12},"end":{"line":82,"column":18}},"loc":{"start":{"line":82,"column":18},"end":{"line":86,"column":5}},"line":82},"3":{"name":"(anonymous_3)","decl":{"start":{"line":88,"column":26},"end":{"line":88,"column":38}},"loc":{"start":{"line":88,"column":38},"end":{"line":101,"column":null}},"line":88},"4":{"name":"(anonymous_4)","decl":{"start":{"line":103,"column":23},"end":{"line":103,"column":35}},"loc":{"start":{"line":103,"column":35},"end":{"line":120,"column":null}},"line":103},"5":{"name":"(anonymous_5)","decl":{"start":{"line":122,"column":22},"end":{"line":122,"column":29}},"loc":{"start":{"line":122,"column":46},"end":{"line":144,"column":null}},"line":122},"6":{"name":"(anonymous_6)","decl":{"start":{"line":146,"column":21},"end":{"line":146,"column":33}},"loc":{"start":{"line":146,"column":33},"end":{"line":163,"column":null}},"line":146},"7":{"name":"(anonymous_7)","decl":{"start":{"line":165,"column":23},"end":{"line":165,"column":35}},"loc":{"start":{"line":165,"column":35},"end":{"line":186,"column":null}},"line":165},"8":{"name":"(anonymous_8)","decl":{"start":{"line":178,"column":54},"end":{"line":178,"column":61}},"loc":{"start":{"line":178,"column":61},"end":{"line":178,"column":64}},"line":178},"9":{"name":"(anonymous_9)","decl":{"start":{"line":188,"column":28},"end":{"line":188,"column":29}},"loc":{"start":{"line":188,"column":50},"end":{"line":191,"column":null}},"line":188},"10":{"name":"(anonymous_10)","decl":{"start":{"line":189,"column":15},"end":{"line":189,"column":16}},"loc":{"start":{"line":189,"column":25},"end":{"line":189,"column":63}},"line":189},"11":{"name":"(anonymous_11)","decl":{"start":{"line":189,"column":37},"end":{"line":189,"column":38}},"loc":{"start":{"line":189,"column":44},"end":{"line":189,"column":62}},"line":189},"12":{"name":"(anonymous_12)","decl":{"start":{"line":190,"column":18},"end":{"line":190,"column":19}},"loc":{"start":{"line":190,"column":28},"end":{"line":190,"column":49}},"line":190},"13":{"name":"(anonymous_13)","decl":{"start":{"line":193,"column":28},"end":{"line":193,"column":29}},"loc":{"start":{"line":193,"column":64},"end":{"line":201,"column":null}},"line":193},"14":{"name":"(anonymous_14)","decl":{"start":{"line":194,"column":15},"end":{"line":194,"column":16}},"loc":{"start":{"line":195,"column":6},"end":{"line":199,"column":null}},"line":195},"15":{"name":"(anonymous_15)","decl":{"start":{"line":195,"column":15},"end":{"line":195,"column":16}},"loc":{"start":{"line":196,"column":8},"end":{"line":198,"column":null}},"line":196},"16":{"name":"(anonymous_16)","decl":{"start":{"line":203,"column":21},"end":{"line":203,"column":22}},"loc":{"start":{"line":203,"column":45},"end":{"line":216,"column":null}},"line":203},"17":{"name":"(anonymous_17)","decl":{"start":{"line":251,"column":26},"end":{"line":251,"column":27}},"loc":{"start":{"line":251,"column":33},"end":{"line":251,"column":null}},"line":251},"18":{"name":"(anonymous_18)","decl":{"start":{"line":264,"column":27},"end":{"line":264,"column":33}},"loc":{"start":{"line":264,"column":33},"end":{"line":267,"column":null}},"line":264},"19":{"name":"(anonymous_19)","decl":{"start":{"line":283,"column":29},"end":{"line":283,"column":35}},"loc":{"start":{"line":283,"column":35},"end":{"line":283,"column":null}},"line":283},"20":{"name":"(anonymous_20)","decl":{"start":{"line":296,"column":31},"end":{"line":296,"column":37}},"loc":{"start":{"line":296,"column":37},"end":{"line":296,"column":null}},"line":296},"21":{"name":"(anonymous_21)","decl":{"start":{"line":318,"column":29},"end":{"line":318,"column":35}},"loc":{"start":{"line":318,"column":35},"end":{"line":318,"column":null}},"line":318},"22":{"name":"(anonymous_22)","decl":{"start":{"line":341,"column":26},"end":{"line":341,"column":32}},"loc":{"start":{"line":341,"column":32},"end":{"line":341,"column":null}},"line":341},"23":{"name":"(anonymous_23)","decl":{"start":{"line":355,"column":31},"end":{"line":355,"column":32}},"loc":{"start":{"line":356,"column":20},"end":{"line":365,"column":null}},"line":356},"24":{"name":"CommentList","decl":{"start":{"line":377,"column":16},"end":{"line":377,"column":28}},"loc":{"start":{"line":383,"column":21},"end":{"line":521,"column":null}},"line":383},"25":{"name":"(anonymous_25)","decl":{"start":{"line":389,"column":12},"end":{"line":389,"column":18}},"loc":{"start":{"line":389,"column":18},"end":{"line":391,"column":5}},"line":389},"26":{"name":"(anonymous_26)","decl":{"start":{"line":393,"column":12},"end":{"line":393,"column":18}},"loc":{"start":{"line":393,"column":18},"end":{"line":397,"column":5}},"line":393},"27":{"name":"(anonymous_27)","decl":{"start":{"line":399,"column":24},"end":{"line":399,"column":36}},"loc":{"start":{"line":399,"column":36},"end":{"line":420,"column":null}},"line":399},"28":{"name":"(anonymous_28)","decl":{"start":{"line":422,"column":27},"end":{"line":422,"column":34}},"loc":{"start":{"line":422,"column":51},"end":{"line":442,"column":null}},"line":422},"29":{"name":"(anonymous_29)","decl":{"start":{"line":444,"column":30},"end":{"line":444,"column":31}},"loc":{"start":{"line":444,"column":54},"end":{"line":446,"column":null}},"line":444},"30":{"name":"(anonymous_30)","decl":{"start":{"line":445,"column":16},"end":{"line":445,"column":17}},"loc":{"start":{"line":445,"column":26},"end":{"line":445,"column":66}},"line":445},"31":{"name":"(anonymous_31)","decl":{"start":{"line":445,"column":38},"end":{"line":445,"column":39}},"loc":{"start":{"line":445,"column":45},"end":{"line":445,"column":65}},"line":445},"32":{"name":"(anonymous_32)","decl":{"start":{"line":448,"column":30},"end":{"line":448,"column":31}},"loc":{"start":{"line":448,"column":68},"end":{"line":456,"column":null}},"line":448},"33":{"name":"(anonymous_33)","decl":{"start":{"line":449,"column":16},"end":{"line":449,"column":17}},"loc":{"start":{"line":450,"column":6},"end":{"line":454,"column":null}},"line":450},"34":{"name":"(anonymous_34)","decl":{"start":{"line":450,"column":15},"end":{"line":450,"column":16}},"loc":{"start":{"line":451,"column":8},"end":{"line":453,"column":null}},"line":451},"35":{"name":"(anonymous_35)","decl":{"start":{"line":487,"column":22},"end":{"line":487,"column":28}},"loc":{"start":{"line":487,"column":28},"end":{"line":492,"column":null}},"line":487},"36":{"name":"(anonymous_36)","decl":{"start":{"line":506,"column":24},"end":{"line":506,"column":25}},"loc":{"start":{"line":507,"column":12},"end":{"line":515,"column":null}},"line":507},"37":{"name":"(anonymous_37)","decl":{"start":{"line":512,"column":23},"end":{"line":512,"column":29}},"loc":{"start":{"line":512,"column":29},"end":{"line":512,"column":null}},"line":512}},"branchMap":{"0":{"loc":{"start":{"line":63,"column":2},"end":{"line":63,"column":null}},"type":"default-arg","locations":[{"start":{"line":63,"column":10},"end":{"line":63,"column":null}}],"line":63},"1":{"loc":{"start":{"line":83,"column":4},"end":{"line":85,"column":null}},"type":"if","locations":[{"start":{"line":83,"column":4},"end":{"line":85,"column":null}},{"start":{},"end":{}}],"line":83},"2":{"loc":{"start":{"line":83,"column":8},"end":{"line":83,"column":45}},"type":"binary-expr","locations":[{"start":{"line":83,"column":8},"end":{"line":83,"column":23}},{"start":{"line":83,"column":23},"end":{"line":83,"column":45}}],"line":83},"3":{"loc":{"start":{"line":94,"column":6},"end":{"line":97,"column":null}},"type":"if","locations":[{"start":{"line":94,"column":6},"end":{"line":97,"column":null}},{"start":{},"end":{}}],"line":94},"4":{"loc":{"start":{"line":96,"column":22},"end":{"line":96,"column":47}},"type":"binary-expr","locations":[{"start":{"line":96,"column":22},"end":{"line":96,"column":46}},{"start":{"line":96,"column":46},"end":{"line":96,"column":47}}],"line":96},"5":{"loc":{"start":{"line":110,"column":6},"end":{"line":114,"column":null}},"type":"if","locations":[{"start":{"line":110,"column":6},"end":{"line":114,"column":null}},{"start":{},"end":{}}],"line":110},"6":{"loc":{"start":{"line":112,"column":19},"end":{"line":112,"column":37}},"type":"binary-expr","locations":[{"start":{"line":112,"column":19},"end":{"line":112,"column":35}},{"start":{"line":112,"column":35},"end":{"line":112,"column":37}}],"line":112},"7":{"loc":{"start":{"line":113,"column":22},"end":{"line":113,"column":47}},"type":"binary-expr","locations":[{"start":{"line":113,"column":22},"end":{"line":113,"column":46}},{"start":{"line":113,"column":46},"end":{"line":113,"column":47}}],"line":113},"8":{"loc":{"start":{"line":134,"column":6},"end":{"line":139,"column":null}},"type":"if","locations":[{"start":{"line":134,"column":6},"end":{"line":139,"column":null}},{"start":{},"end":{}}],"line":134},"9":{"loc":{"start":{"line":156,"column":6},"end":{"line":159,"column":null}},"type":"if","locations":[{"start":{"line":156,"column":6},"end":{"line":159,"column":null}},{"start":{},"end":{}}],"line":156},"10":{"loc":{"start":{"line":166,"column":4},"end":{"line":166,"column":null}},"type":"if","locations":[{"start":{"line":166,"column":4},"end":{"line":166,"column":null}},{"start":{},"end":{}}],"line":166},"11":{"loc":{"start":{"line":175,"column":6},"end":{"line":181,"column":null}},"type":"if","locations":[{"start":{"line":175,"column":6},"end":{"line":181,"column":null}},{"start":{"line":177,"column":13},"end":{"line":181,"column":null}}],"line":175},"12":{"loc":{"start":{"line":196,"column":8},"end":{"line":198,"column":null}},"type":"cond-expr","locations":[{"start":{"line":197,"column":12},"end":{"line":197,"column":null}},{"start":{"line":198,"column":12},"end":{"line":198,"column":null}}],"line":196},"13":{"loc":{"start":{"line":211,"column":4},"end":{"line":211,"column":null}},"type":"if","locations":[{"start":{"line":211,"column":4},"end":{"line":211,"column":null}},{"start":{},"end":{}}],"line":211},"14":{"loc":{"start":{"line":212,"column":4},"end":{"line":212,"column":null}},"type":"if","locations":[{"start":{"line":212,"column":4},"end":{"line":212,"column":null}},{"start":{},"end":{}}],"line":212},"15":{"loc":{"start":{"line":213,"column":4},"end":{"line":213,"column":null}},"type":"if","locations":[{"start":{"line":213,"column":4},"end":{"line":213,"column":null}},{"start":{},"end":{}}],"line":213},"16":{"loc":{"start":{"line":214,"column":4},"end":{"line":214,"column":null}},"type":"if","locations":[{"start":{"line":214,"column":4},"end":{"line":214,"column":null}},{"start":{},"end":{}}],"line":214},"17":{"loc":{"start":{"line":222,"column":15},"end":{"line":222,"column":null}},"type":"binary-expr","locations":[{"start":{"line":222,"column":15},"end":{"line":222,"column":39}},{"start":{"line":222,"column":39},"end":{"line":222,"column":null}}],"line":222},"18":{"loc":{"start":{"line":223,"column":16},"end":{"line":223,"column":null}},"type":"binary-expr","locations":[{"start":{"line":223,"column":16},"end":{"line":223,"column":45}},{"start":{"line":223,"column":45},"end":{"line":223,"column":null}}],"line":223},"19":{"loc":{"start":{"line":229,"column":15},"end":{"line":229,"column":null}},"type":"binary-expr","locations":[{"start":{"line":229,"column":15},"end":{"line":229,"column":44}},{"start":{"line":229,"column":44},"end":{"line":229,"column":null}}],"line":229},"20":{"loc":{"start":{"line":240,"column":13},"end":{"line":243,"column":null}},"type":"binary-expr","locations":[{"start":{"line":240,"column":13},"end":{"line":240,"column":null}},{"start":{"line":241,"column":14},"end":{"line":243,"column":null}}],"line":240},"21":{"loc":{"start":{"line":247,"column":11},"end":{"line":332,"column":null}},"type":"cond-expr","locations":[{"start":{"line":248,"column":12},"end":{"line":272,"column":null}},{"start":{"line":274,"column":12},"end":{"line":332,"column":null}}],"line":247},"22":{"loc":{"start":{"line":278,"column":17},"end":{"line":287,"column":null}},"type":"binary-expr","locations":[{"start":{"line":278,"column":17},"end":{"line":278,"column":35}},{"start":{"line":278,"column":35},"end":{"line":278,"column":null}},{"start":{"line":279,"column":18},"end":{"line":287,"column":null}}],"line":278},"23":{"loc":{"start":{"line":290,"column":17},"end":{"line":310,"column":null}},"type":"binary-expr","locations":[{"start":{"line":290,"column":17},"end":{"line":290,"column":null}},{"start":{"line":291,"column":18},"end":{"line":310,"column":null}}],"line":290},"24":{"loc":{"start":{"line":313,"column":17},"end":{"line":322,"column":null}},"type":"binary-expr","locations":[{"start":{"line":313,"column":17},"end":{"line":313,"column":null}},{"start":{"line":314,"column":18},"end":{"line":322,"column":null}}],"line":313},"25":{"loc":{"start":{"line":320,"column":21},"end":{"line":320,"column":51}},"type":"cond-expr","locations":[{"start":{"line":320,"column":35},"end":{"line":320,"column":44}},{"start":{"line":320,"column":44},"end":{"line":320,"column":51}}],"line":320},"26":{"loc":{"start":{"line":321,"column":21},"end":{"line":321,"column":null}},"type":"cond-expr","locations":[{"start":{"line":321,"column":40},"end":{"line":321,"column":50}},{"start":{"line":321,"column":50},"end":{"line":321,"column":null}}],"line":321},"27":{"loc":{"start":{"line":335,"column":11},"end":{"line":344,"column":null}},"type":"binary-expr","locations":[{"start":{"line":335,"column":11},"end":{"line":335,"column":null}},{"start":{"line":336,"column":12},"end":{"line":344,"column":null}}],"line":335},"28":{"loc":{"start":{"line":347,"column":11},"end":{"line":369,"column":null}},"type":"binary-expr","locations":[{"start":{"line":347,"column":11},"end":{"line":347,"column":null}},{"start":{"line":348,"column":12},"end":{"line":369,"column":null}}],"line":347},"29":{"loc":{"start":{"line":349,"column":15},"end":{"line":367,"column":null}},"type":"cond-expr","locations":[{"start":{"line":350,"column":16},"end":{"line":352,"column":null}},{"start":{"line":354,"column":16},"end":{"line":367,"column":null}}],"line":349},"30":{"loc":{"start":{"line":381,"column":2},"end":{"line":381,"column":null}},"type":"default-arg","locations":[{"start":{"line":381,"column":18},"end":{"line":381,"column":null}}],"line":381},"31":{"loc":{"start":{"line":394,"column":4},"end":{"line":396,"column":null}},"type":"if","locations":[{"start":{"line":394,"column":4},"end":{"line":396,"column":null}},{"start":{},"end":{}}],"line":394},"32":{"loc":{"start":{"line":408,"column":6},"end":{"line":413,"column":null}},"type":"if","locations":[{"start":{"line":408,"column":6},"end":{"line":413,"column":null}},{"start":{"line":411,"column":13},"end":{"line":413,"column":null}}],"line":408},"33":{"loc":{"start":{"line":410,"column":20},"end":{"line":410,"column":39}},"type":"binary-expr","locations":[{"start":{"line":410,"column":20},"end":{"line":410,"column":37}},{"start":{"line":410,"column":37},"end":{"line":410,"column":39}}],"line":410},"34":{"loc":{"start":{"line":434,"column":6},"end":{"line":437,"column":null}},"type":"if","locations":[{"start":{"line":434,"column":6},"end":{"line":437,"column":null}},{"start":{},"end":{}}],"line":434},"35":{"loc":{"start":{"line":451,"column":8},"end":{"line":453,"column":null}},"type":"cond-expr","locations":[{"start":{"line":452,"column":12},"end":{"line":452,"column":null}},{"start":{"line":453,"column":12},"end":{"line":453,"column":null}}],"line":451},"36":{"loc":{"start":{"line":458,"column":2},"end":{"line":464,"column":null}},"type":"if","locations":[{"start":{"line":458,"column":2},"end":{"line":464,"column":null}},{"start":{},"end":{}}],"line":458},"37":{"loc":{"start":{"line":466,"column":2},"end":{"line":472,"column":null}},"type":"if","locations":[{"start":{"line":466,"column":2},"end":{"line":472,"column":null}},{"start":{},"end":{}}],"line":466},"38":{"loc":{"start":{"line":482,"column":7},"end":{"line":495,"column":null}},"type":"binary-expr","locations":[{"start":{"line":482,"column":7},"end":{"line":482,"column":null}},{"start":{"line":483,"column":8},"end":{"line":495,"column":null}}],"line":482},"39":{"loc":{"start":{"line":489,"column":14},"end":{"line":491,"column":null}},"type":"if","locations":[{"start":{"line":489,"column":14},"end":{"line":491,"column":null}},{"start":{},"end":{}}],"line":489},"40":{"loc":{"start":{"line":498,"column":7},"end":{"line":517,"column":null}},"type":"cond-expr","locations":[{"start":{"line":499,"column":8},"end":{"line":503,"column":null}},{"start":{"line":505,"column":8},"end":{"line":517,"column":null}}],"line":498}},"s":{"0":0,"1":0,"2":0,"3":0,"4":0,"5":0,"6":0,"7":0,"8":0,"9":0,"10":0,"11":0,"12":0,"13":0,"14":0,"15":0,"16":0,"17":0,"18":0,"19":0,"20":0,"21":0,"22":0,"23":0,"24":0,"25":0,"26":0,"27":0,"28":0,"29":0,"30":0,"31":0,"32":0,"33":0,"34":0,"35":0,"36":0,"37":0,"38":0,"39":0,"40":0,"41":0,"42":0,"43":0,"44":0,"45":0,"46":0,"47":0,"48":0,"49":0,"50":0,"51":0,"52":0,"53":0,"54":0,"55":0,"56":0,"57":0,"58":0,"59":0,"60":0,"61":0,"62":0,"63":0,"64":0,"65":0,"66":0,"67":0,"68":0,"69":0,"70":0,"71":0,"72":0,"73":0,"74":0,"75":0,"76":0,"77":0,"78":0,"79":0,"80":0,"81":0,"82":0,"83":0,"84":0,"85":0,"86":0,"87":0,"88":0,"89":0,"90":0,"91":0,"92":0,"93":0,"94":0,"95":0,"96":0,"97":0,"98":0,"99":0,"100":0,"101":0,"102":0,"103":0,"104":0,"105":0,"106":0,"107":0,"108":0,"109":0,"110":0,"111":0,"112":0,"113":0,"114":0,"115":0,"116":0,"117":0,"118":0,"119":0,"120":0,"121":0,"122":0,"123":0,"124":0,"125":0,"126":0,"127":0,"128":0,"129":0,"130":0,"131":0,"132":0,"133":0,"134":0,"135":0,"136":0,"137":0,"138":0,"139":0,"140":0,"141":0,"142":0,"143":0,"144":0,"145":0},"f":{"0":0,"1":0,"2":0,"3":0,"4":0,"5":0,"6":0,"7":0,"8":0,"9":0,"10":0,"11":0,"12":0,"13":0,"14":0,"15":0,"16":0,"17":0,"18":0,"19":0,"20":0,"21":0,"22":0,"23":0,"24":0,"25":0,"26":0,"27":0,"28":0,"29":0,"30":0,"31":0,"32":0,"33":0,"34":0,"35":0,"36":0,"37":0},"b":{"0":[0],"1":[0,0],"2":[0,0],"3":[0,0],"4":[0,0],"5":[0,0],"6":[0,0],"7":[0,0],"8":[0,0],"9":[0,0],"10":[0,0],"11":[0,0],"12":[0,0],"13":[0,0],"14":[0,0],"15":[0,0],"16":[0,0],"17":[0,0],"18":[0,0],"19":[0,0],"20":[0,0],"21":[0,0],"22":[0,0,0],"23":[0,0],"24":[0,0],"25":[0,0],"26":[0,0],"27":[0,0],"28":[0,0],"29":[0,0],"30":[0],"31":[0,0],"32":[0,0],"33":[0,0],"34":[0,0],"35":[0,0],"36":[0,0],"37":[0,0],"38":[0,0],"39":[0,0],"40":[0,0]},"meta":{"lastBranch":41,"lastFunction":38,"lastStatement":146,"seen":{"f:56:9:56:21":0,"b:63:10:63:Infinity":0,"s:65:40:65:Infinity":0,"s:66:32:66:Infinity":1,"s:67:30:67:Infinity":2,"s:68:28:68:Infinity":3,"s:69:42:69:Infinity":4,"s:70:36:70:Infinity":5,"s:71:34:71:Infinity":6,"s:73:23:73:Infinity":7,"s:74:19:74:Infinity":8,"s:77:2:79:Infinity":9,"f:77:12:77:18":1,"s:78:4:78:Infinity":10,"s:82:2:86:Infinity":11,"f:82:12:82:18":2,"b:83:4:85:Infinity:undefined:undefined:undefined:undefined":1,"s:83:4:85:Infinity":12,"b:83:8:83:23:83:23:83:45":2,"s:84:6:84:Infinity":13,"s:88:26:101:Infinity":14,"f:88:26:88:38":3,"s:89:4:100:Infinity":15,"s:90:25:90:Infinity":16,"s:91:23:93:Infinity":17,"b:94:6:97:Infinity:undefined:undefined:undefined:undefined":3,"s:94:6:97:Infinity":18,"s:95:21:95:Infinity":19,"s:96:8:96:Infinity":20,"b:96:22:96:46:96:46:96:47":4,"s:99:6:99:Infinity":21,"s:103:23:120:Infinity":22,"f:103:23:103:35":4,"s:104:4:104:Infinity":23,"s:105:4:119:Infinity":24,"s:106:25:106:Infinity":25,"s:107:23:109:Infinity":26,"b:110:6:114:Infinity:undefined:undefined:undefined:undefined":5,"s:110:6:114:Infinity":27,"s:111:21:111:Infinity":28,"s:112:8:112:Infinity":29,"b:112:19:112:35:112:35:112:37":6,"s:113:8:113:Infinity":30,"b:113:22:113:46:113:46:113:47":7,"s:116:6:116:Infinity":31,"s:118:6:118:Infinity":32,"s:122:22:144:Infinity":33,"f:122:22:122:29":5,"s:123:4:143:Infinity":34,"s:124:23:132:Infinity":35,"b:134:6:139:Infinity:undefined:undefined:undefined:undefined":8,"s:134:6:139:Infinity":36,"s:135:8:135:Infinity":37,"s:137:8:137:Infinity":38,"s:138:8:138:Infinity":39,"s:141:6:141:Infinity":40,"s:142:6:142:Infinity":41,"s:146:21:163:Infinity":42,"f:146:21:146:33":6,"s:147:4:162:Infinity":43,"s:148:25:148:Infinity":44,"s:149:23:154:Infinity":45,"b:156:6:159:Infinity:undefined:undefined:undefined:undefined":9,"s:156:6:159:Infinity":46,"s:157:8:157:Infinity":47,"s:158:8:158:Infinity":48,"s:161:6:161:Infinity":49,"s:165:23:186:Infinity":50,"f:165:23:165:35":7,"b:166:4:166:Infinity:undefined:undefined:undefined:undefined":10,"s:166:4:166:Infinity":51,"s:166:67:166:Infinity":52,"s:168:4:185:Infinity":53,"s:169:25:169:Infinity":54,"s:170:23:173:Infinity":55,"b:175:6:181:Infinity:177:13:181:Infinity":11,"s:175:6:181:Infinity":56,"s:176:8:176:Infinity":57,"s:178:26:178:Infinity":58,"f:178:54:178:61":8,"s:178:61:178:64":59,"s:179:8:179:Infinity":60,"s:180:8:180:Infinity":61,"s:183:6:183:Infinity":62,"s:184:6:184:Infinity":63,"s:188:28:191:Infinity":64,"f:188:28:188:29":9,"s:189:4:189:Infinity":65,"f:189:15:189:16":10,"s:189:25:189:63":66,"f:189:37:189:38":11,"s:189:44:189:62":67,"s:190:4:190:Infinity":68,"f:190:18:190:19":12,"s:190:28:190:49":69,"s:193:28:201:Infinity":70,"f:193:28:193:29":13,"s:194:4:200:Infinity":71,"f:194:15:194:16":14,"s:195:6:199:Infinity":72,"f:195:15:195:16":15,"s:196:8:198:Infinity":73,"b:197:12:197:Infinity:198:12:198:Infinity":12,"s:203:21:216:Infinity":74,"f:203:21:203:22":16,"s:204:17:204:Infinity":75,"s:205:16:205:Infinity":76,"s:206:19:206:Infinity":77,"s:207:21:207:Infinity":78,"s:208:22:208:Infinity":79,"s:209:21:209:Infinity":80,"b:211:4:211:Infinity:undefined:undefined:undefined:undefined":13,"s:211:4:211:Infinity":81,"s:211:22:211:Infinity":82,"b:212:4:212:Infinity:undefined:undefined:undefined:undefined":14,"s:212:4:212:Infinity":83,"s:212:23:212:Infinity":84,"b:213:4:213:Infinity:undefined:undefined:undefined:undefined":15,"s:213:4:213:Infinity":85,"s:213:24:213:Infinity":86,"b:214:4:214:Infinity:undefined:undefined:undefined:undefined":16,"s:214:4:214:Infinity":87,"s:214:22:214:Infinity":88,"s:215:4:215:Infinity":89,"s:218:2:373:Infinity":90,"b:222:15:222:39:222:39:222:Infinity":17,"b:223:16:223:45:223:45:223:Infinity":18,"b:229:15:229:44:229:44:229:Infinity":19,"b:240:13:240:Infinity:241:14:243:Infinity":20,"b:248:12:272:Infinity:274:12:332:Infinity":21,"f:251:26:251:27":17,"s:251:33:251:Infinity":91,"f:264:27:264:33":18,"s:265:20:265:Infinity":92,"s:266:20:266:Infinity":93,"b:278:17:278:35:278:35:278:Infinity:279:18:287:Infinity":22,"f:283:29:283:35":19,"s:283:35:283:Infinity":94,"b:290:17:290:Infinity:291:18:310:Infinity":23,"f:296:31:296:37":20,"s:296:37:296:Infinity":95,"b:313:17:313:Infinity:314:18:322:Infinity":24,"f:318:29:318:35":21,"s:318:35:318:Infinity":96,"b:320:35:320:44:320:44:320:51":25,"b:321:40:321:50:321:50:321:Infinity":26,"b:335:11:335:Infinity:336:12:344:Infinity":27,"f:341:26:341:32":22,"s:341:32:341:Infinity":97,"b:347:11:347:Infinity:348:12:369:Infinity":28,"b:350:16:352:Infinity:354:16:367:Infinity":29,"f:355:31:355:32":23,"s:356:20:365:Infinity":98,"f:377:16:377:28":24,"b:381:18:381:Infinity":30,"s:384:30:384:Infinity":99,"s:385:28:385:Infinity":100,"s:386:24:386:Infinity":101,"s:387:44:387:Infinity":102,"s:389:2:391:Infinity":103,"f:389:12:389:18":25,"s:390:4:390:Infinity":104,"s:393:2:397:Infinity":105,"f:393:12:393:18":26,"b:394:4:396:Infinity:undefined:undefined:undefined:undefined":31,"s:394:4:396:Infinity":106,"s:395:6:395:Infinity":107,"s:399:24:420:Infinity":108,"f:399:24:399:36":27,"s:400:4:400:Infinity":109,"s:401:4:401:Infinity":110,"s:402:4:419:Infinity":111,"s:403:25:403:Infinity":112,"s:404:23:406:Infinity":113,"b:408:6:413:Infinity:411:13:413:Infinity":32,"s:408:6:413:Infinity":114,"s:409:21:409:Infinity":115,"s:410:8:410:Infinity":116,"b:410:20:410:37:410:37:410:39":33,"s:412:8:412:Infinity":117,"s:415:6:415:Infinity":118,"s:416:6:416:Infinity":119,"s:418:6:418:Infinity":120,"s:422:27:442:Infinity":121,"f:422:27:422:34":28,"s:423:4:441:Infinity":122,"s:424:23:432:Infinity":123,"b:434:6:437:Infinity:undefined:undefined:undefined:undefined":34,"s:434:6:437:Infinity":124,"s:435:8:435:Infinity":125,"s:436:8:436:Infinity":126,"s:439:6:439:Infinity":127,"s:440:6:440:Infinity":128,"s:444:30:446:Infinity":129,"f:444:30:444:31":29,"s:445:4:445:Infinity":130,"f:445:16:445:17":30,"s:445:26:445:66":131,"f:445:38:445:39":31,"s:445:45:445:65":132,"s:448:30:456:Infinity":133,"f:448:30:448:31":32,"s:449:4:455:Infinity":134,"f:449:16:449:17":33,"s:450:6:454:Infinity":135,"f:450:15:450:16":34,"s:451:8:453:Infinity":136,"b:452:12:452:Infinity:453:12:453:Infinity":35,"b:458:2:464:Infinity:undefined:undefined:undefined:undefined":36,"s:458:2:464:Infinity":137,"s:459:4:462:Infinity":138,"b:466:2:472:Infinity:undefined:undefined:undefined:undefined":37,"s:466:2:472:Infinity":139,"s:467:4:470:Infinity":140,"s:474:2:519:Infinity":141,"b:482:7:482:Infinity:483:8:495:Infinity":38,"f:487:22:487:28":35,"s:488:14:488:Infinity":142,"b:489:14:491:Infinity:undefined:undefined:undefined:undefined":39,"s:489:14:491:Infinity":143,"s:490:16:490:Infinity":144,"b:499:8:503:Infinity:505:8:517:Infinity":40,"f:506:24:506:25":36,"s:507:12:515:Infinity":145,"f:512:23:512:29":37}}}
,"/home/runner/work/collective-social-web/collective-social-web/src/components/CreateGroupListModal.tsx": {"path":"/home/runner/work/collective-social-web/collective-social-web/src/components/CreateGroupListModal.tsx","statementMap":{"0":{"start":{"line":24,"column":17},"end":{"line":29,"column":null}},"1":{"start":{"line":31,"column":21},"end":{"line":36,"column":null}},"2":{"start":{"line":45,"column":22},"end":{"line":45,"column":null}},"3":{"start":{"line":46,"column":36},"end":{"line":46,"column":null}},"4":{"start":{"line":47,"column":28},"end":{"line":47,"column":null}},"5":{"start":{"line":48,"column":36},"end":{"line":48,"column":null}},"6":{"start":{"line":49,"column":34},"end":{"line":49,"column":null}},"7":{"start":{"line":50,"column":24},"end":{"line":50,"column":null}},"8":{"start":{"line":52,"column":23},"end":{"line":90,"column":null}},"9":{"start":{"line":53,"column":4},"end":{"line":53,"column":null}},"10":{"start":{"line":54,"column":4},"end":{"line":54,"column":null}},"11":{"start":{"line":55,"column":4},"end":{"line":55,"column":null}},"12":{"start":{"line":57,"column":4},"end":{"line":89,"column":null}},"13":{"start":{"line":58,"column":23},"end":{"line":71,"column":null}},"14":{"start":{"line":73,"column":6},"end":{"line":76,"column":null}},"15":{"start":{"line":74,"column":21},"end":{"line":74,"column":null}},"16":{"start":{"line":74,"column":56},"end":{"line":74,"column":59}},"17":{"start":{"line":75,"column":8},"end":{"line":75,"column":null}},"18":{"start":{"line":79,"column":6},"end":{"line":79,"column":null}},"19":{"start":{"line":80,"column":6},"end":{"line":80,"column":null}},"20":{"start":{"line":81,"column":6},"end":{"line":81,"column":null}},"21":{"start":{"line":82,"column":6},"end":{"line":82,"column":null}},"22":{"start":{"line":83,"column":6},"end":{"line":83,"column":null}},"23":{"start":{"line":84,"column":6},"end":{"line":84,"column":null}},"24":{"start":{"line":86,"column":6},"end":{"line":86,"column":null}},"25":{"start":{"line":88,"column":6},"end":{"line":88,"column":null}},"26":{"start":{"line":92,"column":2},"end":{"line":92,"col
[...]
,"/home/runner/work/collective-social-web/collective-social-web/src/pages/admin/AdminUsersPage.tsx": {"path":"/home/runner/work/collective-social-web/collective-social-web/src/pages/admin/AdminUsersPage.tsx","statementMap":{"0":{"start":{"line":32,"column":28},"end":{"line":32,"column":null}},"1":{"start":{"line":33,"column":24},"end":{"line":33,"column":null}},"2":{"start":{"line":34,"column":34},"end":{"line":34,"column":null}},"3":{"start":{"line":35,"column":44},"end":{"line":35,"column":null}},"4":{"start":{"line":36,"column":40},"end":{"line":36,"column":null}},"5":{"start":{"line":37,"column":8},"end":{"line":37,"column":null}},"6":{"start":{"line":39,"column":2},"end":{"line":62,"column":null}},"7":{"start":{"line":40,"column":23},"end":{"line":59,"column":null}},"8":{"start":{"line":41,"column":6},"end":{"line":58,"column":null}},"9":{"start":{"line":42,"column":25},"end":{"line":44,"column":null}},"10":{"start":{"line":46,"column":8},"end":{"line":49,"column":null}},"11":{"start":{"line":47,"column":10},"end":{"line":47,"column":null}},"12":{"start":{"line":48,"column":10},"end":{"line":48,"column":null}},"13":{"start":{"line":51,"column":26},"end":{"line":51,"column":null}},"14":{"start":{"line":52,"column":8},"end":{"line":52,"column":null}},"15":{"start":{"line":53,"column":8},"end":{"line":53,"column":null}},"16":{"start":{"line":54,"column":8},"end":{"line":54,"column":null}},"17":{"start":{"line":56,"column":8},"end":{"line":56,"column":null}},"18":{"start":{"line":57,"column":8},"end":{"line":57,"column":null}},"19":{"start":{"line":61,"column":4},"end":{"line":61,"column":null}},"20":{"start":{"line":65,"column":2},"end":{"line":82,"column":null}},"21":{"start":{"line":66,"column":26},"end":{"line":79,"column":null}},"22":{"start":{"line":67,"column":6},"end":{"line":78,"column":null}},"23":{"start":{"line":68,"column":8},"end":{"line":68,"column":null}},"24":{"start":{"line":70,"column":22},"end":{"line":70,"column":null}},"25":{"start":{"line":71,"column":8},"end":{"line":77,"column":null}},"26":{"start":{"line":74,"column":14},"end":{"line":75,"column":null}},"27":{"start":{"line":81,"column":4},"end":{"line":81,"column":null}},"28":{"start":{"line":81,"column":17},"end":{"line":81,"column":null}},"29":{"start":{"line":84,"column":2},"end":{"line":95,"column":null}},"30":{"start":{"line":85,"column":4},"end":{"line":93,"column":null}},"31":{"start":{"line":97,"column":2},"end":{"line":210,"column":null}},"32":{"start":{"line":117,"column":29},"end":{"line":117,"column":null}},"33":{"start":{"line":156,"column":16},"end":{"line":198,"column":null}}},"fnMap":{"0":{"name":"AdminUsersPage","decl":{"start":{"line":31,"column":16},"end":{"line":31,"column":31}},"loc":{"start":{"line":31,"column":64},"end":{"line":212,"column":null}},"line":31},"1":{"name":"(anonymous_1)","decl":{"start":{"line":39,"column":12},"end":{"line":39,"column":18}},"loc":{"start":{"line":39,"column":18},"end":{"line":62,"column":5}},"line":39},"2":{"name":"(anonymous_2)","decl":{"start":{"line":40,"column":23},"end":{"line":40,"column":35}},"loc":{"start":{"line":40,"column":35},"end":{"line":59,"column":null}},"line":40},"3":{"name":"(anonymous_3)","decl":{"start":{"line":65,"column":12},"end":{"line":65,"column":18}},"loc":{"start":{"line":65,"column":18},"end":{"line":82,"column":5}},"line":65},"4":{"name":"(anonymous_4)","decl":{"start":{"line":66,"column":37},"end":{"line":66,"column":43}},"loc":{"start":{"line":66,"column":43},"end":{"line":79,"column":7}},"line":66},"5":{"name":"(anonymous_5)","decl":{"start":{"line":73,"column":12},"end":{"line":73,"column":13}},"loc":{"start":{"line":74,"column":14},"end":{"line":75,"column":null}},"line":74},"6":{"name":"(anonymous_6)","decl":{"start":{"line":81,"column":11},"end":{"line":81,"column":17}},"loc":{"start":{"line":81,"column":17},"end":{"line":81,"column":null}},"line":81},"7":{"name":"(anonymous_7)","decl":{"start":{"line":117,"column":22},"end":{"line":117,"column":23}},"loc":{"start":{"line":117,"column":29},"end":{"line":117,"column":null}},"line":117},"8":{"name":"(anonymous_8)","decl":{"start":{"line":155,"column":33},"end":{"line":155,"column":34}},"loc":{"start":{"line":156,"column":16},"end":{"line":198,"column":null}},"line":156}},"branchMap":{"0":{"loc":{"start":{"line":46,"column":8},"end":{"line":49,"column":null}},"type":"if","locations":[{"start":{"line":46,"column":8},"end":{"line":49,"column":null}},{"start":{},"end":{}}],"line":46},"1":{"loc":{"start":{"line":67,"column":6},"end":{"line":78,"column":null}},"type":"if","locations":[{"start":{"line":67,"column":6},"end":{"line":78,"column":null}},{"start":{"line":69,"column":13},"end":{"line":78,"column":null}}],"line":67},"2":{"loc":{"start":{"line":74,"column":14},"end":{"line":75,"column":null}},"type":"binary-expr","locations":[{"start":{"line":74,"column":14},"end":{"line":74,"column":null}},{"start":{"line":75,"column":15},"end":{"line":75,"column":30}},{"start":{"line":75,"column":30},"end":{"line":75,"column":null}}],"line":74},"3":{"loc":{"start":{"line":84,"column":2},"end":{"line":95,"column":null}},"type":"if","locations":[{"start":{"line":84,"column":2},"end":{"line":95,"column":null}},{"start":{},"end":{}}],"line":84},"4":{"loc":{"start":{"line":158,"column":21},"end":{"line":177,"column":null}},"type":"cond-expr","locations":[{"start":{"line":159,"column":22},"end":{"line":165,"column":null}},{"start":{"line":167,"column":22},"end":{"line":177,"column":null}}],"line":158},"5":{"loc":{"start":{"line":190,"column":21},"end":{"line":195,"column":null}},"type":"cond-expr","locations":[{"start":{"line":191,"column":22},"end":{"line":193,"column":null}},{"start":{"line":195,"column":22},"end":{"line":195,"column":null}}],"line":190},"6":{"loc":{"start":{"line":204,"column":9},"end":{"line":207,"column":null}},"type":"binary-expr","locations":[{"start":{"line":204,"column":9},"end":{"line":204,"column":null}},{"start":{"line":205,"column":10},"end":{"line":207,"column":null}}],"line":204}},"s":{"0":0,"1":0,"2":0,"3":0,"4":0,"5":0,"6":0,"7":0,"8":0,"9":0,"10":0,"11":0,"12":0,"13":0,"14":0,"15":0,"16":0,"17":0,"18":0,"19":0,"20":0,"21":0,"22":0,"23":0,"24":0,"25":0,"26":0,"27":0,"28":0,"29":0,"30":0,"31":0,"32":0,"33":0},"f":{"0":0,"1":0,"2":0,"3":0,"4":0,"5":0,"6":0,"7":0,"8":0},"b":{"0":[0,0],"1":[0,0],"2":[0,0,0],"3":[0,0],"4":[0,0],"5":[0,0],"6":[0,0]},"meta":{"lastBranch":7,"lastFunction":9,"lastStatement":34,"seen":{"f:31:16:31:31":0,"s:32:28:32:Infinity":0,"s:33:24:33:Infinity":1,"s:34:34:34:Infinity":2,"s:35:44:35:Infinity":3,"s:36:40:36:Infinity":4,"s:37:8:37:Infinity":5,"s:39:2:62:Infinity":6,"f:39:12:39:18":1,"s:40:23:59:Infinity":7,"f:40:23:40:35":2,"s:41:6:58:Infinity":8,"s:42:25:44:Infinity":9,"b:46:8:49:Infinity:undefined:undefined:undefined:undefined":0,"s:46:8:49:Infinity":10,"s:47:10:47:Infinity":11,"s:48:10:48:Infinity":12,"s:51:26:51:Infinity":13,"s:52:8:52:Infinity":14,"s:53:8:53:Infinity":15,"s:54:8:54:Infinity":16,"s:56:8:56:Infinity":17,"s:57:8:57:Infinity":18,"s:61:4:61:Infinity":19,"s:65:2:82:Infinity":20,"f:65:12:65:18":3,"s:66:26:79:Infinity":21,"f:66:37:66:43":4,"b:67:6:78:Infinity:69:13:78:Infinity":1,"s:67:6:78:Infinity":22,"s:68:8:68:Infinity":23,"s:70:22:70:Infinity":24,"s:71:8:77:Infinity":25,"f:73:12:73:13":5,"s:74:14:75:Infinity":26,"b:74:14:74:Infinity:75:15:75:30:75:30:75:Infinity":2,"s:81:4:81:Infinity":27,"f:81:11:81:17":6,"s:81:17:81:Infinity":28,"b:84:2:95:Infinity:undefined:undefined:undefined:undefined":3,"s:84:2:95:Infinity":29,"s:85:4:93:Infinity":30,"s:97:2:210:Infinity":31,"f:117:22:117:23":7,"s:117:29:117:Infinity":32,"f:155:33:155:34":8,"s:156:16:198:Infinity":33,"b:159:22:165:Infinity:167:22:177:Infinity":4,"b:191:22:193:Infinity:195:22:195:Infinity":5,"b:204:9:204:Infinity:205:10:207:Infinity":6}}}
,"/home/runner/work/collective-social-web/collective-social-web/src/utils/textUtils.tsx": {"path":"/home/runner/work/collective-social-web/collective-social-web/src/utils/textUtils.tsx","statementMap":{"0":{"start":{"line":4,"column":35},"end":{"line":111,"column":null}},"1":{"start":{"line":6,"column":23},"end":{"line":6,"column":null}},"2":{"start":{"line":7,"column":23},"end":{"line":7,"column":null}},"3":{"start":{"line":8,"column":19},"end":{"line":8,"column":null}},"4":{"start":{"line":10,"column":49},"end":{"line":10,"column":null}},"5":{"start":{"line":11,"column":18},"end":{"line":11,"column":null}},"6":{"start":{"line":12,"column":89},"end":{"line":12,"column":null}},"7":{"start":{"line":16,"column":2},"end":{"line":33,"column":null}},"8":{"start":{"line":17,"column":4},"end":{"line":32,"column":null}},"9":{"start":{"line":36,"column":2},"end":{"line":36,"column":null}},"10":{"start":{"line":37,"column":2},"end":{"line":62,"column":null}},"11":{"start":{"line":38,"column":23},"end":{"line":38,"column":null}},"12":{"start":{"line":39,"column":24},"end":{"line":39,"column":null}},"13":{"start":{"line":41,"column":25},"end":{"line":43,"column":null}},"14":{"start":{"line":42,"column":11},"end":{"line":42,"column":null}},"15":{"start":{"line":44,"column":4},"end":{"line":61,"column":null}},"16":{"start":{"line":45,"column":6},"end":{"line":60,"column":null}},"17":{"start":{"line":65,"column":2},"end":{"line":65,"column":null}},"18":{"start":{"line":66,"column":2},"end":{"line":92,"column":null}},"19":{"start":{"line":67,"column":16},"end":{"line":67,"column":null}},"20":{"start":{"line":68,"column":23},"end":{"line":68,"column":null}},"21":{"start":{"line":69,"column":24},"end":{"line":69,"column":null}},"22":{"start":{"line":70,"column":25},"end":{"line":72,"column":null}},"23":{"start":{"line":71,"column":11},"end":{"line":71,"column":null}},"24":{"start":{"line":73,"column":4},"end":{"line":91,"column":null}},"25":{"start":{"line":74,"column":19},"end":{"line":74,"column":null}},"26":{"start":{"line":75,"column":6},"end":{"line":90,"column":null}},"27":{"start":{"line":95,"column":2},"end":{"line":95,"column":null}},"28":{"start":{"line":95,"column":25},"end":{"line":95,"column":42}},"29":{"start":{"line":98,"column":2},"end":{"line":104,"column":null}},"30":{"start":{"line":99,"column":4},"end":{"line":101,"column":null}},"31":{"start":{"line":100,"column":6},"end":{"line":100,"column":null}},"32":{"start":{"line":102,"column":4},"end":{"line":102,"column":null}},"33":{"start":{"line":103,"column":4},"end":{"line":103,"column":null}},"34":{"start":{"line":106,"column":2},"end":{"line":108,"column":null}},"35":{"start":{"line":107,"column":4},"end":{"line":107,"column":null}},"36":{"start":{"line":110,"column":2},"end":{"line":110,"column":null}}},"fnMap":{"0":{"name":"(anonymous_0)","decl":{"start":{"line":4,"column":35},"end":{"line":4,"column":36}},"loc":{"start":{"line":4,"column":53},"end":{"line":111,"column":null}},"line":4},"1":{"name":"(anonymous_1)","decl":{"start":{"line":42,"column":6},"end":{"line":42,"column":11}},"loc":{"start":{"line":42,"column":11},"end":{"line":42,"column":null}},"line":42},"2":{"name":"(anonymous_2)","decl":{"start":{"line":71,"column":6},"end":{"line":71,"column":11}},"loc":{"start":{"line":71,"column":11},"end":{"line":71,"column":null}},"line":71},"3":{"name":"(anonymous_3)","decl":{"start":{"line":95,"column":15},"end":{"line":95,"column":16}},"loc":{"start":{"line":95,"column":25},"end":{"line":95,"column":42}},"line":95},"4":{"name":"(anonymous_4)","decl":{"start":{"line":98,"column":18},"end":{"line":98,"column":19}},"loc":{"start":{"line":98,"column":25},"end":{"line":104,"column":3}},"line":98}},"branchMap":{"0":{"loc":{"start":{"line":42,"column":11},"end":{"line":42,"column":null}},"type":"binary-expr","locations":[{"start":{"line":42,"column":11},"end":{"line":42,"column":36}},{"start":{"line":42,"column":36},"end":{"line":42,"column":null}}],"line":42},"1":{"loc":{"start":{"line":44,"column":4},"end":{"line":61,"column":null}},"type":"if","locations":[{"start":{"line":44,"column":4},"end":{"line":61,"column":null}},{"start":{},"end":{}}],"line":44},"2":{"loc":{"start":{"line":71,"column":11},"end":{"line":71,"column":null}},"type":"binary-expr","locations":[{"start":{"line":71,"column":11},"end":{"line":71,"column":36}},{"start":{"line":71,"column":36},"end":{"line":71,"column":null}}],"line":71},"3":{"loc":{"start":{"line":73,"column":4},"end":{"line":91,"column":null}},"type":"if","locations":[{"start":{"line":73,"column":4},"end":{"line":91,"column":null}},{"start":{},"end":{}}],"line":73},"4":{"loc":{"start":{"line":74,"column":19},"end":{"line":74,"column":null}},"type":"cond-expr","locations":[{"start":{"line":74,"column":44},"end":{"line":74,"column":50}},{"start":{"line":74,"column":50},"end":{"line":74,"column":null}}],"line":74},"5":{"loc":{"start":{"line":99,"column":4},"end":{"line":101,"column":null}},"type":"if","locations":[{"start":{"line":99,"column":4},"end":{"line":101,"column":null}},{"start":{},"end":{}}],"line":99},"6":{"loc":{"start":{"line":106,"column":2},"end":{"line":108,"column":null}},"type":"if","locations":[{"start":{"line":106,"column":2},"end":{"line":108,"column":null}},{"start":{},"end":{}}],"line":106},"7":{"loc":{"start":{"line":110,"column":9},"end":{"line":110,"column":null}},"type":"cond-expr","locations":[{"start":{"line":110,"column":28},"end":{"line":110,"column":36}},{"start":{"line":110,"column":36},"end":{"line":110,"column":null}}],"line":110}},"s":{"0":2,"1":17,"2":17,"3":17,"4":17,"5":17,"6":17,"7":17,"8":7,"9":17,"10":17,"11":7,"12":7,"13":7,"14":5,"15":7,"16":7,"17":17,"18":17,"19":16,"20":16,"21":16,"22":16,"23":14,"24":16,"25":9,"26":9,"27":17,"28":8,"29":17,"30":23,"31":15,"32":23,"33":23,"34":17,"35":2,"36":17},"f":{"0":17,"1":5,"2":14,"3":8,"4":23},"b":{"0":[5,5],"1":[7,0],"2":[14,13],"3":[9,7],"4":[8,1],"5":[15,8],"6":[2,15],"7":[16,1]},"meta":{"lastBranch":8,"lastFunction":5,"lastStatement":37,"seen":{"s:4:35:111:Infinity":0,"f:4:35:4:36":0,"s:6:23:6:Infinity":1,"s:7:23:7:Infinity":2,"s:8:19:8:Infinity":3,"s:10:49:10:Infinity":4,"s:11:18:11:Infinity":5,"s:12:89:12:Infinity":6,"s:16:2:33:Infinity":7,"s:17:4:32:Infinity":8,"s:36:2:36:Infinity":9,"s:37:2:62:Infinity":10,"s:38:23:38:Infinity":11,"s:39:24:39:Infinity":12,"s:41:25:43:Infinity":13,"f:42:6:42:11":1,"s:42:11:42:Infinity":14,"b:42:11:42:36:42:36:42:Infinity":0,"b:44:4:61:Infinity:undefined:undefined:undefined:undefined":1,"s:44:4:61:Infinity":15,"s:45:6:60:Infinity":16,"s:65:2:65:Infinity":17,"s:66:2:92:Infinity":18,"s:67:16:67:Infinity":19,"s:68:23:68:Infinity":20,"s:69:24:69:Infinity":21,"s:70:25:72:Infinity":22,"f:71:6:71:11":2,"s:71:11:71:Infinity":23,"b:71:11:71:36:71:36:71:Infinity":2,"b:73:4:91:Infinity:undefined:undefined:undefined:undefined":3,"s:73:4:91:Infinity":24,"s:74:19:74:Infinity":25,"b:74:44:74:50:74:50:74:Infinity":4,"s:75:6:90:Infinity":26,"s:95:2:95:Infinity":27,"f:95:15:95:16":3,"s:95:25:95:42":28,"s:98:2:104:Infinity":29,"f:98:18:98:19":4,"b:99:4:101:Infinity:undefined:undefined:undefined:undefined":5,"s:99:4:101:Infinity":30,"s:100:6:100:Infinity":31,"s:102:4:102:Infinity":32,"s:103:4:103:Infinity":33,"b:106:2:108:Infinity:undefined:undefined:undefined:undefined":6,"s:106:2:108:Infinity":34,"s:107:4:107:Infinity":35,"s:110:2:110:Infinity":36,"b:110:28:110:36:110:36:110:Infinity":7}}}
,"/home/runner/work/collective-social-web/collective-social-web/src/utils/time.ts": {"path":"/home/runner/work/collective-social-web/collective-social-web/src/utils/time.ts","statementMap":{"0":{"start":{"line":1,"column":28},"end":{"line":14,"column":null}},"1":{"start":{"line":2,"column":17},"end":{"line":2,"column":null}},"2":{"start":{"line":3,"column":16},"end":{"line":3,"column":null}},"3":{"start":{"line":4,"column":19},"end":{"line":4,"column":null}},"4":{"start":{"line":5,"column":21},"end":{"line":5,"column":null}},"5":{"start":{"line":6,"column":22},"end":{"line":6,"column":null}},"6":{"start":{"line":7,"column":21},"end":{"line":7,"column":null}},"7":{"start":{"line":9,"column":4},"end":{"line":9,"column":null}},"8":{"start":{"line":9,"column":22},"end":{"line":9,"column":null}},"9":{"start":{"line":10,"column":4},"end":{"line":10,"column":null}},"10":{"start":{"line":10,"column":23},"end":{"line":10,"column":null}},"11":{"start":{"line":11,"column":4},"end":{"line":11,"column":null}},"12":{"start":{"line":11,"column":24},"end":{"line":11,"column":null}},"13":{"start":{"line":12,"column":4},"end":{"line":12,"column":null}},"14":{"start":{"line":12,"column":22},"end":{"line":12,"column":null}},"15":{"start":{"line":13,"column":4},"end":{"line":13,"column":null}}},"fnMap":{"0":{"name":"(anonymous_0)","decl":{"start":{"line":1,"column":28},"end":{"line":1,"column":29}},"loc":{"start":{"line":1,"column":52},"end":{"line":14,"column":null}},"line":1}},"branchMap":{"0":{"loc":{"start":{"line":9,"column":4},"end":{"line":9,"column":null}},"type":"if","locations":[{"start":{"line":9,"column":4},"end":{"line":9,"column":null}},{"start":{},"end":{}}],"line":9},"1":{"loc":{"start":{"line":10,"column":4},"end":{"line":10,"column":null}},"type":"if","locations":[{"start":{"line":10,"column":4},"end":{"line":10,"column":null}},{"start":{},"end":{}}],"line":10},"2":{"loc":{"start":{"line":11,"column":4},"end":{"line":11,"column":null}},"type":"if","locations":[{"start":{"line":11,"column":4},"end":{"line":11,"column":null}},{"start":{},"end":{}}],"line":11},"3":{"loc":{"start":{"line":12,"column":4},"end":{"line":12,"column":null}},"type":"if","locations":[{"start":{"line":12,"column":4},"end":{"line":12,"column":null}},{"start":{},"end":{}}],"line":12}},"s":{"0":2,"1":18,"2":18,"3":18,"4":18,"5":18,"6":18,"7":18,"8":3,"9":15,"10":15,"11":12,"12":12,"13":8,"14":8,"15":4},"f":{"0":18},"b":{"0":[3,15],"1":[3,12],"2":[4,8],"3":[4,4]},"meta":{"lastBranch":4,"lastFunction":1,"lastStatement":16,"seen":{"s:1:28:14:Infinity":0,"f:1:28:1:29":0,"s:2:17:2:Infinity":1,"s:3:16:3:Infinity":2,"s:4:19:4:Infinity":3,"s:5:21:5:Infinity":4,"s:6:22:6:Infinity":5,"s:7:21:7:Infinity":6,"b:9:4:9:Infinity:undefined:undefined:undefined:undefined":0,"s:9:4:9:Infinity":7,"s:9:22:9:Infinity":8,"b:10:4:10:Infinity:undefined:undefined:undefined:undefined":1,"s:10:4:10:Infinity":9,"s:10:23:10:Infinity":10,"b:11:4:11:Infinity:undefined:undefined:undefined:undefined":2,"s:11:4:11:Infinity":11,"s:11:24:11:Infinity":12,"b:12:4:12:Infinity:undefined:undefined:undefined:undefined":3,"s:12:4:12:Infinity":13,"s:12:22:12:Infinity":14,"s:13:4:13:Infinity":15}}}
}
